\BOOKMARK [1][-]{section.1}{\376\377\000\111\000\156\000\164\000\162\000\157\000\144\000\165\000\143\000\164\000\151\000\157\000\156}{}% 1
\BOOKMARK [1][-]{section.2}{\376\377\000\101\000\040\000\143\000\141\000\163\000\145\000\040\000\146\000\157\000\162\000\040\000\141\000\160\000\160\000\154\000\151\000\143\000\141\000\164\000\151\000\157\000\156\000\055\000\154\000\145\000\166\000\145\000\154\000\040\000\151\000\156\000\164\000\145\000\162\000\055\000\104\000\103\000\040\000\155\000\165\000\154\000\164\000\151\000\143\000\141\000\163\000\164\000\040\000\157\000\166\000\145\000\162\000\154\000\141\000\171\000\163}{}% 2
\BOOKMARK [2][-]{subsection.2.1}{\376\377\000\102\000\141\000\151\000\144\000\165\000\047\000\163\000\040\000\151\000\156\000\164\000\145\000\162\000\055\000\104\000\103\000\040\000\155\000\165\000\154\000\164\000\151\000\143\000\141\000\163\000\164\000\040\000\167\000\157\000\162\000\153\000\154\000\157\000\141\000\144}{section.2}% 3
\BOOKMARK [2][-]{subsection.2.2}{\376\377\000\120\000\157\000\164\000\145\000\156\000\164\000\151\000\141\000\154\000\163\000\040\000\157\000\146\000\040\000\151\000\156\000\164\000\145\000\162\000\055\000\104\000\103\000\040\000\141\000\160\000\160\000\154\000\151\000\143\000\141\000\164\000\151\000\157\000\156\000\055\000\154\000\145\000\166\000\145\000\154\000\040\000\157\000\166\000\145\000\162\000\154\000\141\000\171}{section.2}% 4
\BOOKMARK [2][-]{subsection.2.3}{\376\377\000\114\000\151\000\155\000\151\000\164\000\141\000\164\000\151\000\157\000\156\000\163\000\040\000\157\000\146\000\040\000\145\000\170\000\151\000\163\000\164\000\151\000\156\000\147\000\040\000\163\000\157\000\154\000\165\000\164\000\151\000\157\000\156\000\163}{section.2}% 5
\BOOKMARK [2][-]{subsection.2.4}{\376\377\000\113\000\145\000\171\000\040\000\157\000\142\000\163\000\145\000\162\000\166\000\141\000\164\000\151\000\157\000\156\000\163}{section.2}% 6
\BOOKMARK [1][-]{section.3}{\376\377\000\117\000\166\000\145\000\162\000\166\000\151\000\145\000\167\000\040\000\157\000\146\000\040\000\102\000\104\000\123}{}% 7
\BOOKMARK [1][-]{section.4}{\376\377\000\116\000\145\000\141\000\162\000\055\000\117\000\160\000\164\000\151\000\155\000\141\000\154\000\040\000\141\000\156\000\144\000\040\000\105\000\146\000\146\000\151\000\143\000\151\000\145\000\156\000\164\000\040\000\104\000\145\000\143\000\151\000\163\000\151\000\157\000\156\000\055\000\115\000\141\000\153\000\151\000\156\000\147\000\040\000\114\000\157\000\147\000\151\000\143}{}% 8
\BOOKMARK [2][-]{subsection.4.1}{\376\377\000\102\000\141\000\163\000\151\000\143\000\040\000\146\000\157\000\162\000\155\000\165\000\154\000\141\000\164\000\151\000\157\000\156}{section.4}% 9
\BOOKMARK [2][-]{subsection.4.2}{\376\377\000\104\000\145\000\143\000\157\000\165\000\160\000\154\000\151\000\156\000\147\000\040\000\163\000\143\000\150\000\145\000\144\000\165\000\154\000\151\000\156\000\147\000\040\000\141\000\156\000\144\000\040\000\162\000\157\000\165\000\164\000\151\000\156\000\147}{section.4}% 10
\BOOKMARK [2][-]{subsection.4.3}{\376\377\000\123\000\143\000\150\000\145\000\144\000\165\000\154\000\151\000\156\000\147}{section.4}% 11
\BOOKMARK [2][-]{subsection.4.4}{\376\377\000\122\000\157\000\165\000\164\000\151\000\156\000\147}{section.4}% 12
\BOOKMARK [1][-]{section.5}{\376\377\000\123\000\171\000\163\000\164\000\145\000\155\000\040\000\104\000\145\000\163\000\151\000\147\000\156}{}% 13
\BOOKMARK [2][-]{subsection.5.1}{\376\377\000\103\000\145\000\156\000\164\000\162\000\141\000\154\000\151\000\172\000\145\000\144\000\040\000\143\000\157\000\156\000\164\000\162\000\157\000\154\000\040\000\157\000\146\000\040\000\102\000\104\000\123}{section.5}% 14
\BOOKMARK [2][-]{subsection.5.2}{\376\377\000\104\000\171\000\156\000\141\000\155\000\151\000\143\000\040\000\142\000\141\000\156\000\144\000\167\000\151\000\144\000\164\000\150\000\040\000\163\000\145\000\160\000\141\000\162\000\141\000\164\000\151\000\157\000\156}{section.5}% 15
\BOOKMARK [2][-]{subsection.5.3}{\376\377\000\106\000\141\000\165\000\154\000\164\000\040\000\164\000\157\000\154\000\145\000\162\000\141\000\156\000\143\000\145}{section.5}% 16
\BOOKMARK [2][-]{subsection.5.4}{\376\377\000\111\000\155\000\160\000\154\000\145\000\155\000\145\000\156\000\164\000\141\000\164\000\151\000\157\000\156\000\040\000\141\000\156\000\144\000\040\000\144\000\145\000\160\000\154\000\157\000\171\000\155\000\145\000\156\000\164}{section.5}% 17
\BOOKMARK [1][-]{section.6}{\376\377\000\105\000\166\000\141\000\154\000\165\000\141\000\164\000\151\000\157\000\156}{}% 18
\BOOKMARK [2][-]{subsection.6.1}{\376\377\000\120\000\145\000\162\000\146\000\157\000\162\000\155\000\141\000\156\000\143\000\145\000\040\000\151\000\155\000\160\000\162\000\157\000\166\000\145\000\155\000\145\000\156\000\164\000\040\000\157\000\166\000\145\000\162\000\040\000\145\000\170\000\151\000\163\000\164\000\151\000\156\000\147\000\040\000\163\000\157\000\154\000\165\000\164\000\151\000\157\000\156\000\163}{section.6}% 19
\BOOKMARK [3][-]{subsubsection.6.1.1}{\376\377\000\115\000\145\000\164\000\150\000\157\000\144\000\157\000\154\000\157\000\147\000\171}{subsection.6.1}% 20
\BOOKMARK [3][-]{subsubsection.6.1.2}{\376\377\000\102\000\104\000\123\000\040\000\166\000\163\000\056\000\040\000\107\000\151\000\156\000\147\000\153\000\157}{subsection.6.1}% 21
\BOOKMARK [3][-]{subsubsection.6.1.3}{\376\377\000\102\000\104\000\123\000\040\000\166\000\163\000\056\000\040\000\157\000\164\000\150\000\145\000\162\000\040\000\157\000\166\000\145\000\162\000\154\000\141\000\171\000\040\000\155\000\165\000\154\000\164\000\151\000\143\000\141\000\163\000\164\000\040\000\164\000\145\000\143\000\150\000\156\000\151\000\161\000\165\000\145\000\163}{subsection.6.1}% 22
\BOOKMARK [2][-]{subsection.6.2}{\376\377\000\102\000\145\000\156\000\145\000\146\000\151\000\164\000\163\000\040\000\157\000\146\000\040\000\143\000\157\000\157\000\162\000\144\000\151\000\156\000\141\000\164\000\145\000\144\000\040\000\142\000\141\000\156\000\144\000\167\000\151\000\144\000\164\000\150\000\040\000\141\000\154\000\154\000\157\000\143\000\141\000\164\000\151\000\157\000\156}{section.6}% 23
\BOOKMARK [2][-]{subsection.6.3}{\376\377\000\115\000\151\000\143\000\162\000\157\000\055\000\142\000\145\000\156\000\143\000\150\000\155\000\141\000\162\000\153\000\163}{section.6}% 24
\BOOKMARK [3][-]{subsubsection.6.3.1}{\376\377\000\123\000\143\000\141\000\154\000\141\000\142\000\151\000\154\000\151\000\164\000\171}{subsection.6.3}% 25
\BOOKMARK [3][-]{subsubsection.6.3.2}{\376\377\000\106\000\141\000\165\000\154\000\164\000\040\000\164\000\157\000\154\000\145\000\162\000\141\000\156\000\143\000\145}{subsection.6.3}% 26
\BOOKMARK [3][-]{subsubsection.6.3.3}{\376\377\000\103\000\150\000\157\000\157\000\163\000\151\000\156\000\147\000\040\000\164\000\150\000\145\000\040\000\166\000\141\000\154\000\165\000\145\000\163\000\040\000\157\000\146\000\040\000\153\000\145\000\171\000\040\000\160\000\141\000\162\000\141\000\155\000\145\000\164\000\145\000\162\000\163}{subsection.6.3}% 27
\BOOKMARK [3][-]{subsubsection.6.3.4}{\376\377\000\111\000\156\000\055\000\144\000\145\000\160\000\164\000\150\000\040\000\141\000\156\000\141\000\154\000\171\000\163\000\151\000\163\000\056}{subsection.6.3}% 28
\BOOKMARK [1][-]{section.7}{\376\377\000\122\000\145\000\154\000\141\000\164\000\145\000\144\000\040\000\127\000\157\000\162\000\153}{}% 29
\BOOKMARK [1][-]{section.8}{\376\377\000\103\000\157\000\156\000\143\000\154\000\165\000\163\000\151\000\157\000\156}{}% 30
