\BOOKMARK [1][-]{section*.1}{\376\377\000A\000b\000s\000t\000r\000a\000c\000t}{}% 1
\BOOKMARK [1][-]{section.1}{\376\377\0001\000\040\000I\000n\000t\000r\000o\000d\000u\000c\000t\000i\000o\000n}{}% 2
\BOOKMARK [1][-]{section.2}{\376\377\0002\000\040\000A\000\040\000c\000a\000s\000e\000\040\000f\000o\000r\000\040\000a\000p\000p\000l\000i\000c\000a\000t\000i\000o\000n\000-\000l\000e\000v\000e\000l\000\040\000i\000n\000t\000e\000r\000-\000D\000C\000\040\000m\000u\000l\000t\000i\000c\000a\000s\000t\000\040\000o\000v\000e\000r\000l\000a\000y\000s}{}% 3
\BOOKMARK [2][-]{subsection.2.1}{\376\377\0002\000.\0001\000\040\000B\000a\000i\000d\000u\000'\000s\000\040\000i\000n\000t\000e\000r\000-\000D\000C\000\040\000m\000u\000l\000t\000i\000c\000a\000s\000t\000\040\000w\000o\000r\000k\000l\000o\000a\000d}{section.2}% 4
\BOOKMARK [2][-]{subsection.2.2}{\376\377\0002\000.\0002\000\040\000P\000o\000t\000e\000n\000t\000i\000a\000l\000s\000\040\000o\000f\000\040\000i\000n\000t\000e\000r\000-\000D\000C\000\040\000a\000p\000p\000l\000i\000c\000a\000t\000i\000o\000n\000-\000l\000e\000v\000e\000l\000\040\000o\000v\000e\000r\000l\000a\000y}{section.2}% 5
\BOOKMARK [2][-]{subsection.2.3}{\376\377\0002\000.\0003\000\040\000L\000i\000m\000i\000t\000a\000t\000i\000o\000n\000s\000\040\000o\000f\000\040\000e\000x\000i\000s\000t\000i\000n\000g\000\040\000s\000o\000l\000u\000t\000i\000o\000n\000s}{section.2}% 6
\BOOKMARK [2][-]{subsection.2.4}{\376\377\0002\000.\0004\000\040\000K\000e\000y\000\040\000o\000b\000s\000e\000r\000v\000a\000t\000i\000o\000n\000s}{section.2}% 7
\BOOKMARK [1][-]{section.3}{\376\377\0003\000\040\000O\000v\000e\000r\000v\000i\000e\000w\000\040\000o\000f\000\040\000B\000D\000S}{}% 8
\BOOKMARK [1][-]{section.4}{\376\377\0004\000\040\000N\000e\000a\000r\000-\000O\000p\000t\000i\000m\000a\000l\000\040\000a\000n\000d\000\040\000E\000f\000f\000i\000c\000i\000e\000n\000t\000\040\000D\000e\000c\000i\000s\000i\000o\000n\000-\000M\000a\000k\000i\000n\000g\000\040\000L\000o\000g\000i\000c}{}% 9
\BOOKMARK [2][-]{subsection.4.1}{\376\377\0004\000.\0001\000\040\000B\000a\000s\000i\000c\000\040\000f\000o\000r\000m\000u\000l\000a\000t\000i\000o\000n}{section.4}% 10
\BOOKMARK [2][-]{subsection.4.2}{\376\377\0004\000.\0002\000\040\000D\000e\000c\000o\000u\000p\000l\000i\000n\000g\000\040\000s\000c\000h\000e\000d\000u\000l\000i\000n\000g\000\040\000a\000n\000d\000\040\000r\000o\000u\000t\000i\000n\000g}{section.4}% 11
\BOOKMARK [2][-]{subsection.4.3}{\376\377\0004\000.\0003\000\040\000S\000c\000h\000e\000d\000u\000l\000i\000n\000g}{section.4}% 12
\BOOKMARK [2][-]{subsection.4.4}{\376\377\0004\000.\0004\000\040\000R\000o\000u\000t\000i\000n\000g}{section.4}% 13
\BOOKMARK [1][-]{section.5}{\376\377\0005\000\040\000S\000y\000s\000t\000e\000m\000\040\000D\000e\000s\000i\000g\000n}{}% 14
\BOOKMARK [2][-]{subsection.5.1}{\376\377\0005\000.\0001\000\040\000C\000e\000n\000t\000r\000a\000l\000i\000z\000e\000d\000\040\000c\000o\000n\000t\000r\000o\000l\000\040\000o\000f\000\040\000B\000D\000S}{section.5}% 15
\BOOKMARK [2][-]{subsection.5.2}{\376\377\0005\000.\0002\000\040\000D\000y\000n\000a\000m\000i\000c\000\040\000b\000a\000n\000d\000w\000i\000d\000t\000h\000\040\000s\000e\000p\000a\000r\000a\000t\000i\000o\000n}{section.5}% 16
\BOOKMARK [2][-]{subsection.5.3}{\376\377\0005\000.\0003\000\040\000F\000a\000u\000l\000t\000\040\000t\000o\000l\000e\000r\000a\000n\000c\000e}{section.5}% 17
\BOOKMARK [2][-]{subsection.5.4}{\376\377\0005\000.\0004\000\040\000I\000m\000p\000l\000e\000m\000e\000n\000t\000a\000t\000i\000o\000n\000\040\000a\000n\000d\000\040\000d\000e\000p\000l\000o\000y\000m\000e\000n\000t}{section.5}% 18
\BOOKMARK [1][-]{section.6}{\376\377\0006\000\040\000E\000v\000a\000l\000u\000a\000t\000i\000o\000n}{}% 19
\BOOKMARK [2][-]{subsection.6.1}{\376\377\0006\000.\0001\000\040\000P\000e\000r\000f\000o\000r\000m\000a\000n\000c\000e\000\040\000i\000m\000p\000r\000o\000v\000e\000m\000e\000n\000t\000\040\000o\000v\000e\000r\000\040\000e\000x\000i\000s\000t\000i\000n\000g\000\040\000s\000o\000l\000u\000t\000i\000o\000n\000s}{section.6}% 20
\BOOKMARK [2][-]{subsection.6.2}{\376\377\0006\000.\0002\000\040\000B\000e\000n\000e\000f\000i\000t\000s\000\040\000o\000f\000\040\000c\000o\000o\000r\000d\000i\000n\000a\000t\000e\000d\000\040\000b\000a\000n\000d\000w\000i\000d\000t\000h\000\040\000a\000l\000l\000o\000c\000a\000t\000i\000o\000n}{section.6}% 21
\BOOKMARK [2][-]{subsection.6.3}{\376\377\0006\000.\0003\000\040\000M\000i\000c\000r\000o\000-\000b\000e\000n\000c\000h\000m\000a\000r\000k\000s}{section.6}% 22
\BOOKMARK [1][-]{section.7}{\376\377\0007\000\040\000R\000e\000l\000a\000t\000e\000d\000\040\000W\000o\000r\000k}{}% 23
\BOOKMARK [1][-]{section.8}{\376\377\0008\000\040\000C\000o\000n\000c\000l\000u\000s\000i\000o\000n}{}% 24
\BOOKMARK [1][-]{section*.21}{\376\377\000R\000e\000f\000e\000r\000e\000n\000c\000e\000s}{}% 25
\BOOKMARK [1][-]{section.9}{\376\377\0009\000\040\000A\000p\000p\000e\000n\000d\000i\000x}{}% 26
