This is pdfTeX, Version 3.14159265-2.6-1.40.16 (TeX Live 2015) (preloaded format=pdflatex 2016.5.12)  8 MAR 2018 13:04
entering extended mode
 restricted \write18 enabled.
 file:line:error style messages enabled.
 %&-line parsing enabled.
**main-BDS.tex
(./main-BDS.tex
LaTeX2e <2015/01/01>
Babel <3.9l> and hyphenation patterns for 79 languages loaded.
(./acmart.cls
Document Class: acmart 2018/02/07 v1.50 Typesetting articles for the Associatio
n for Computing Machinery
(/usr/local/texlive/2015/texmf-dist/tex/latex/xkeyval/xkeyval.sty
Package: xkeyval 2014/12/03 v2.7a package option processing (HA)

(/usr/local/texlive/2015/texmf-dist/tex/generic/xkeyval/xkeyval.tex
(/usr/local/texlive/2015/texmf-dist/tex/generic/xkeyval/xkvutils.tex
\XKV@toks=\toks14
\XKV@tempa@toks=\toks15

(/usr/local/texlive/2015/texmf-dist/tex/generic/xkeyval/keyval.tex))
\XKV@depth=\count79
File: xkeyval.tex 2014/12/03 v2.7a key=value parser (HA)
))
(/usr/local/texlive/2015/texmf-dist/tex/generic/xstring/xstring.sty
(/usr/local/texlive/2015/texmf-dist/tex/generic/xstring/xstring.tex
\@xs@message=\write3
\integerpart=\count80
\decimalpart=\count81
)
Package: xstring 2013/10/13  v1.7c  String manipulations (C Tellechea)
)
Package acmart Info: Not using screen mode on input line 73.
Package acmart Info: Requiring acmthm on input line 81.
Package acmart Info: Not using review mode on input line 90.
Package acmart Info: Not using authorversion mode on input line 98.
Package acmart Info: Explicitly selecting natbib mode on input line 106.
Package acmart Info: Not using anonymous mode on input line 114.
Package acmart Info: Not using timestamp mode on input line 122.
Package acmart Info: Not using authordraft mode on input line 132.
Class acmart Info: Using format sigconf, number 4 on input line 141.
Class acmart Info: Using fontsize 10pt on input line 199.

(/usr/local/texlive/2015/texmf-dist/tex/latex/amscls/amsart.cls
Document Class: amsart 2015/03/04 v2.20.2
\linespacing=\dimen102
\normalparindent=\dimen103
\normaltopskip=\skip41
(/usr/local/texlive/2015/texmf-dist/tex/latex/amsmath/amsmath.sty
Package: amsmath 2013/01/14 v2.14 AMS math features
\@mathmargin=\skip42

For additional information on amsmath, use the `?' option.
(/usr/local/texlive/2015/texmf-dist/tex/latex/amsmath/amstext.sty
Package: amstext 2000/06/29 v2.01

(/usr/local/texlive/2015/texmf-dist/tex/latex/amsmath/amsgen.sty
File: amsgen.sty 1999/11/30 v2.0
\@emptytoks=\toks16
\ex@=\dimen104
))
(/usr/local/texlive/2015/texmf-dist/tex/latex/amsmath/amsbsy.sty
Package: amsbsy 1999/11/29 v1.2d
\pmbraise@=\dimen105
)
(/usr/local/texlive/2015/texmf-dist/tex/latex/amsmath/amsopn.sty
Package: amsopn 1999/12/14 v2.01 operator names
)
\inf@bad=\count82
LaTeX Info: Redefining \frac on input line 210.
\uproot@=\count83
\leftroot@=\count84
LaTeX Info: Redefining \overline on input line 306.
\classnum@=\count85
\DOTSCASE@=\count86
LaTeX Info: Redefining \ldots on input line 378.
LaTeX Info: Redefining \dots on input line 381.
LaTeX Info: Redefining \cdots on input line 466.
\Mathstrutbox@=\box26
\strutbox@=\box27
\big@size=\dimen106
LaTeX Font Info:    Redeclaring font encoding OML on input line 566.
LaTeX Font Info:    Redeclaring font encoding OMS on input line 567.
\macc@depth=\count87
\c@MaxMatrixCols=\count88
\dotsspace@=\muskip10
\c@parentequation=\count89
\dspbrk@lvl=\count90
\tag@help=\toks17
\row@=\count91
\column@=\count92
\maxfields@=\count93
\andhelp@=\toks18
\eqnshift@=\dimen107
\alignsep@=\dimen108
\tagshift@=\dimen109
\tagwidth@=\dimen110
\totwidth@=\dimen111
\lineht@=\dimen112
\@envbody=\toks19
\multlinegap=\skip43
\multlinetaggap=\skip44
\mathdisplay@stack=\toks20
LaTeX Info: Redefining \[ on input line 2665.
LaTeX Info: Redefining \] on input line 2666.
)
LaTeX Font Info:    Try loading font information for U+msa on input line 388.

(/usr/local/texlive/2015/texmf-dist/tex/latex/amsfonts/umsa.fd
File: umsa.fd 2013/01/14 v3.01 AMS symbols A
)
(/usr/local/texlive/2015/texmf-dist/tex/latex/amsfonts/amsfonts.sty
Package: amsfonts 2013/01/14 v3.01 Basic AMSFonts support
\symAMSa=\mathgroup4
\symAMSb=\mathgroup5
LaTeX Font Info:    Overwriting math alphabet `\mathfrak' in version `bold'
(Font)                  U/euf/m/n --> U/euf/b/n on input line 106.
)
\copyins=\insert233
\abstractbox=\box28
\listisep=\skip45
\c@part=\count94
\c@section=\count95
\c@subsection=\count96
\c@subsubsection=\count97
\c@paragraph=\count98
\c@subparagraph=\count99
\c@figure=\count100
\c@table=\count101
\abovecaptionskip=\skip46
\belowcaptionskip=\skip47
\captionindent=\dimen113
\thm@style=\toks21
\thm@bodyfont=\toks22
\thm@headfont=\toks23
\thm@notefont=\toks24
\thm@headpunct=\toks25
\thm@preskip=\skip48
\thm@postskip=\skip49
\thm@headsep=\skip50
\dth@everypar=\toks26
)
(/usr/local/texlive/2015/texmf-dist/tex/latex/microtype/microtype.sty
Package: microtype 2013/05/23 v2.5a Micro-typographical refinements (RS)
\MT@toks=\toks27
\MT@count=\count102
LaTeX Info: Redefining \textls on input line 766.
\MT@outer@kern=\dimen114
LaTeX Info: Redefining \textmicrotypecontext on input line 1285.
\MT@listname@count=\count103

(/usr/local/texlive/2015/texmf-dist/tex/latex/microtype/microtype-pdftex.def
File: microtype-pdftex.def 2013/05/23 v2.5a Definitions specific to pdftex (RS)

LaTeX Info: Redefining \lsstyle on input line 915.
LaTeX Info: Redefining \lslig on input line 915.
\MT@outer@space=\skip51
)
Package microtype Info: Loading configuration file microtype.cfg.

(/usr/local/texlive/2015/texmf-dist/tex/latex/microtype/microtype.cfg
File: microtype.cfg 2013/05/23 v2.5a microtype main configuration file (RS)
))
(/usr/local/texlive/2015/texmf-dist/tex/latex/etoolbox/etoolbox.sty
Package: etoolbox 2015/05/04 v2.2 e-TeX tools for LaTeX (JAW)
\etb@tempcnta=\count104
)
(/usr/local/texlive/2015/texmf-dist/tex/latex/oberdiek/refcount.sty
Package: refcount 2011/10/16 v3.4 Data extraction from label references (HO)

(/usr/local/texlive/2015/texmf-dist/tex/generic/oberdiek/ltxcmds.sty
Package: ltxcmds 2011/11/09 v1.22 LaTeX kernel commands for general use (HO)
)
(/usr/local/texlive/2015/texmf-dist/tex/generic/oberdiek/infwarerr.sty
Package: infwarerr 2010/04/08 v1.3 Providing info/warning/error messages (HO)
))
(/usr/local/texlive/2015/texmf-dist/tex/latex/totpages/totpages.sty
Package: totpages 2005/09/19 v2.00 Totpages Package (muewi)

(/usr/local/texlive/2015/texmf-dist/tex/latex/ms/everyshi.sty
Package: everyshi 2001/05/15 v3.00 EveryShipout Package (MS)
))
(/usr/local/texlive/2015/texmf-dist/tex/latex/environ/environ.sty
Package: environ 2014/05/04 v0.3 A new way to define environments

(/usr/local/texlive/2015/texmf-dist/tex/latex/trimspaces/trimspaces.sty
Package: trimspaces 2009/09/17 v1.1 Trim spaces around a token list
))
(/usr/local/texlive/2015/texmf-dist/tex/latex/textcase/textcase.sty
Package: textcase 2004/10/07 v0.07 Text only upper/lower case changing (DPC)
)
(/usr/local/texlive/2015/texmf-dist/tex/latex/natbib/natbib.sty
Package: natbib 2010/09/13 8.31b (PWD, AO)
\bibhang=\skip52
\bibsep=\skip53
LaTeX Info: Redefining \cite on input line 694.
\c@NAT@ctr=\count105
)
(/usr/local/texlive/2015/texmf-dist/tex/latex/hyperref/hyperref.sty
Package: hyperref 2012/11/06 v6.83m Hypertext links for LaTeX

(/usr/local/texlive/2015/texmf-dist/tex/generic/oberdiek/hobsub-hyperref.sty
Package: hobsub-hyperref 2012/05/28 v1.13 Bundle oberdiek, subset hyperref (HO)


(/usr/local/texlive/2015/texmf-dist/tex/generic/oberdiek/hobsub-generic.sty
Package: hobsub-generic 2012/05/28 v1.13 Bundle oberdiek, subset generic (HO)
Package: hobsub 2012/05/28 v1.13 Construct package bundles (HO)
Package hobsub Info: Skipping package `infwarerr' (already loaded).
Package hobsub Info: Skipping package `ltxcmds' (already loaded).
Package: ifluatex 2010/03/01 v1.3 Provides the ifluatex switch (HO)
Package ifluatex Info: LuaTeX not detected.
Package: ifvtex 2010/03/01 v1.5 Detect VTeX and its facilities (HO)
Package ifvtex Info: VTeX not detected.
Package: intcalc 2007/09/27 v1.1 Expandable calculations with integers (HO)
Package: ifpdf 2011/01/30 v2.3 Provides the ifpdf switch (HO)
Package ifpdf Info: pdfTeX in PDF mode is detected.
Package: etexcmds 2011/02/16 v1.5 Avoid name clashes with e-TeX commands (HO)
Package etexcmds Info: Could not find \expanded.
(etexcmds)             That can mean that you are not using pdfTeX 1.50 or
(etexcmds)             that some package has redefined \expanded.
(etexcmds)             In the latter case, load this package earlier.
Package: kvsetkeys 2012/04/25 v1.16 Key value parser (HO)
Package: kvdefinekeys 2011/04/07 v1.3 Define keys (HO)
Package: pdftexcmds 2011/11/29 v0.20 Utility functions of pdfTeX for LuaTeX (HO
)
Package pdftexcmds Info: LuaTeX not detected.
Package pdftexcmds Info: \pdf@primitive is available.
Package pdftexcmds Info: \pdf@ifprimitive is available.
Package pdftexcmds Info: \pdfdraftmode found.
Package: pdfescape 2011/11/25 v1.13 Implements pdfTeX's escape features (HO)
Package: bigintcalc 2012/04/08 v1.3 Expandable calculations on big integers (HO
)
Package: bitset 2011/01/30 v1.1 Handle bit-vector datatype (HO)
Package: uniquecounter 2011/01/30 v1.2 Provide unlimited unique counter (HO)
)
Package hobsub Info: Skipping package `hobsub' (already loaded).
Package: letltxmacro 2010/09/02 v1.4 Let assignment for LaTeX macros (HO)
Package: hopatch 2012/05/28 v1.2 Wrapper for package hooks (HO)
Package: xcolor-patch 2011/01/30 xcolor patch
Package: atveryend 2011/06/30 v1.8 Hooks at the very end of document (HO)
Package: atbegshi 2011/10/05 v1.16 At begin shipout hook (HO)
Package hobsub Info: Skipping package `refcount' (already loaded).
Package: hycolor 2011/01/30 v1.7 Color options for hyperref/bookmark (HO)
)
(/usr/local/texlive/2015/texmf-dist/tex/generic/ifxetex/ifxetex.sty
Package: ifxetex 2010/09/12 v0.6 Provides ifxetex conditional
)
(/usr/local/texlive/2015/texmf-dist/tex/latex/oberdiek/auxhook.sty
Package: auxhook 2011/03/04 v1.3 Hooks for auxiliary files (HO)
)
(/usr/local/texlive/2015/texmf-dist/tex/latex/oberdiek/kvoptions.sty
Package: kvoptions 2011/06/30 v3.11 Key value format for package options (HO)
)
\@linkdim=\dimen115
\Hy@linkcounter=\count106
\Hy@pagecounter=\count107

(/usr/local/texlive/2015/texmf-dist/tex/latex/hyperref/pd1enc.def
File: pd1enc.def 2012/11/06 v6.83m Hyperref: PDFDocEncoding definition (HO)
)
\Hy@SavedSpaceFactor=\count108

(/usr/local/texlive/2015/texmf-dist/tex/latex/latexconfig/hyperref.cfg
File: hyperref.cfg 2002/06/06 v1.2 hyperref configuration of TeXLive
)
Package hyperref Info: Option `bookmarksnumbered' set `true' on input line 4319
.
Package hyperref Info: Option `unicode' set `true' on input line 4319.

(/usr/local/texlive/2015/texmf-dist/tex/latex/hyperref/puenc.def
File: puenc.def 2012/11/06 v6.83m Hyperref: PDF Unicode definition (HO)
)
Package hyperref Info: Hyper figures OFF on input line 4443.
Package hyperref Info: Link nesting OFF on input line 4448.
Package hyperref Info: Hyper index ON on input line 4451.
Package hyperref Info: Plain pages OFF on input line 4458.
Package hyperref Info: Backreferencing OFF on input line 4463.
Package hyperref Info: Implicit mode ON; LaTeX internals redefined.
Package hyperref Info: Bookmarks ON on input line 4688.
\c@Hy@tempcnt=\count109

(/usr/local/texlive/2015/texmf-dist/tex/latex/url/url.sty
\Urlmuskip=\muskip11
Package: url 2013/09/16  ver 3.4  Verb mode for urls, etc.
)
LaTeX Info: Redefining \url on input line 5041.
\XeTeXLinkMargin=\dimen116
\Fld@menulength=\count110
\Field@Width=\dimen117
\Fld@charsize=\dimen118
Package hyperref Info: Hyper figures OFF on input line 6295.
Package hyperref Info: Link nesting OFF on input line 6300.
Package hyperref Info: Hyper index ON on input line 6303.
Package hyperref Info: backreferencing OFF on input line 6310.
Package hyperref Info: Link coloring OFF on input line 6315.
Package hyperref Info: Link coloring with OCG OFF on input line 6320.
Package hyperref Info: PDF/A mode OFF on input line 6325.
LaTeX Info: Redefining \ref on input line 6365.
LaTeX Info: Redefining \pageref on input line 6369.
\Hy@abspage=\count111
\c@Item=\count112
\c@Hfootnote=\count113
)

Package hyperref Message: Driver (autodetected): hpdftex.

(/usr/local/texlive/2015/texmf-dist/tex/latex/hyperref/hpdftex.def
File: hpdftex.def 2012/11/06 v6.83m Hyperref driver for pdfTeX
\Fld@listcount=\count114
\c@bookmark@seq@number=\count115

(/usr/local/texlive/2015/texmf-dist/tex/latex/oberdiek/rerunfilecheck.sty
Package: rerunfilecheck 2011/04/15 v1.7 Rerun checks for auxiliary files (HO)
Package uniquecounter Info: New unique counter `rerunfilecheck' on input line 2
82.
)
\Hy@SectionHShift=\skip54
)
(/usr/local/texlive/2015/texmf-dist/tex/latex/graphics/graphicx.sty
Package: graphicx 2014/10/28 v1.0g Enhanced LaTeX Graphics (DPC,SPQR)

(/usr/local/texlive/2015/texmf-dist/tex/latex/graphics/graphics.sty
Package: graphics 2014/10/28 v1.0p Standard LaTeX Graphics (DPC,SPQR)

(/usr/local/texlive/2015/texmf-dist/tex/latex/graphics/trig.sty
Package: trig 1999/03/16 v1.09 sin cos tan (DPC)
)
(/usr/local/texlive/2015/texmf-dist/tex/latex/latexconfig/graphics.cfg
File: graphics.cfg 2010/04/23 v1.9 graphics configuration of TeX Live
)
Package graphics Info: Driver file: pdftex.def on input line 94.

(/usr/local/texlive/2015/texmf-dist/tex/latex/pdftex-def/pdftex.def
File: pdftex.def 2011/05/27 v0.06d Graphics/color for pdfTeX
\Gread@gobject=\count116
))
\Gin@req@height=\dimen119
\Gin@req@width=\dimen120
)
(/usr/local/texlive/2015/texmf-dist/tex/latex/xcolor/xcolor.sty
Package: xcolor 2007/01/21 v2.11 LaTeX color extensions (UK)

(/usr/local/texlive/2015/texmf-dist/tex/latex/latexconfig/color.cfg
File: color.cfg 2007/01/18 v1.5 color configuration of teTeX/TeXLive
)
Package xcolor Info: Driver file: pdftex.def on input line 225.
Package xcolor Info: Model `cmy' substituted by `cmy0' on input line 1337.
Package xcolor Info: Model `hsb' substituted by `rgb' on input line 1341.
Package xcolor Info: Model `RGB' extended on input line 1353.
Package xcolor Info: Model `HTML' substituted by `rgb' on input line 1355.
Package xcolor Info: Model `Hsb' substituted by `hsb' on input line 1356.
Package xcolor Info: Model `tHsb' substituted by `hsb' on input line 1357.
Package xcolor Info: Model `HSB' substituted by `hsb' on input line 1358.
Package xcolor Info: Model `Gray' substituted by `gray' on input line 1359.
Package xcolor Info: Model `wave' substituted by `hsb' on input line 1360.
)
(/usr/local/texlive/2015/texmf-dist/tex/latex/geometry/geometry.sty
Package: geometry 2010/09/12 v5.6 Page Geometry
\Gm@cnth=\count117
\Gm@cntv=\count118
\c@Gm@tempcnt=\count119
\Gm@bindingoffset=\dimen121
\Gm@wd@mp=\dimen122
\Gm@odd@mp=\dimen123
\Gm@even@mp=\dimen124
\Gm@layoutwidth=\dimen125
\Gm@layoutheight=\dimen126
\Gm@layouthoffset=\dimen127
\Gm@layoutvoffset=\dimen128
\Gm@dimlist=\toks28
)
(/usr/local/texlive/2015/texmf-dist/tex/latex/ncctools/manyfoot.sty
Package: manyfoot 2005/09/11 v1.10 Many Footnote Levels Package (NCC)

(/usr/local/texlive/2015/texmf-dist/tex/latex/ncctools/nccfoots.sty
Package: nccfoots 2005/02/03 v1.2 NCC Footnotes Package (NCC)
)
\MFL@columnwidth=\dimen129
)
\footinsauthorsaddresses=\insert232
\c@footnoteauthorsaddresses=\count120
\footinscopyrightpermission=\insert231
\c@footnotecopyrightpermission=\count121

(/usr/local/texlive/2015/texmf-dist/tex/generic/iftex/iftex.sty
Package: iftex 2013/04/04 v0.2 Provides if(tex) conditional for PDFTeX, XeTeX, 
and LuaTeX
)
(/usr/local/texlive/2015/texmf-dist/tex/generic/pdftex/glyphtounicode.tex)
(/usr/local/texlive/2015/texmf-dist/tex/latex/cmap/cmap.sty
Package: cmap 2008/03/06 v1.0h CMap support: searchable PDF
)
(/usr/local/texlive/2015/texmf-dist/tex/latex/libertine/libertine.sty
Package: libertine 2014/11/25 (Bob Tennent) Supports Libertine and Biolinum fon
ts for all LaTeX engines.

(/usr/local/texlive/2015/texmf-dist/tex/latex/base/textcomp.sty
Package: textcomp 2005/09/27 v1.99g Standard LaTeX package
Package textcomp Info: Sub-encoding information:
(textcomp)               5 = only ISO-Adobe without \textcurrency
(textcomp)               4 = 5 + \texteuro
(textcomp)               3 = 4 + \textohm
(textcomp)               2 = 3 + \textestimated + \textcurrency
(textcomp)               1 = TS1 - \textcircled - \t
(textcomp)               0 = TS1 (full)
(textcomp)             Font families with sub-encoding setting implement
(textcomp)             only a restricted character set as indicated.
(textcomp)             Family '?' is the default used for unknown fonts.
(textcomp)             See the documentation for details.
Package textcomp Info: Setting ? sub-encoding to TS1/1 on input line 79.

(/usr/local/texlive/2015/texmf-dist/tex/latex/base/ts1enc.def
File: ts1enc.def 2001/06/05 v3.0e (jk/car/fm) Standard LaTeX file
)
LaTeX Info: Redefining \oldstylenums on input line 334.
Package textcomp Info: Setting cmr sub-encoding to TS1/0 on input line 349.
Package textcomp Info: Setting cmss sub-encoding to TS1/0 on input line 350.
Package textcomp Info: Setting cmtt sub-encoding to TS1/0 on input line 351.
Package textcomp Info: Setting cmvtt sub-encoding to TS1/0 on input line 352.
Package textcomp Info: Setting cmbr sub-encoding to TS1/0 on input line 353.
Package textcomp Info: Setting cmtl sub-encoding to TS1/0 on input line 354.
Package textcomp Info: Setting ccr sub-encoding to TS1/0 on input line 355.
Package textcomp Info: Setting ptm sub-encoding to TS1/4 on input line 356.
Package textcomp Info: Setting pcr sub-encoding to TS1/4 on input line 357.
Package textcomp Info: Setting phv sub-encoding to TS1/4 on input line 358.
Package textcomp Info: Setting ppl sub-encoding to TS1/3 on input line 359.
Package textcomp Info: Setting pag sub-encoding to TS1/4 on input line 360.
Package textcomp Info: Setting pbk sub-encoding to TS1/4 on input line 361.
Package textcomp Info: Setting pnc sub-encoding to TS1/4 on input line 362.
Package textcomp Info: Setting pzc sub-encoding to TS1/4 on input line 363.
Package textcomp Info: Setting bch sub-encoding to TS1/4 on input line 364.
Package textcomp Info: Setting put sub-encoding to TS1/5 on input line 365.
Package textcomp Info: Setting uag sub-encoding to TS1/5 on input line 366.
Package textcomp Info: Setting ugq sub-encoding to TS1/5 on input line 367.
Package textcomp Info: Setting ul8 sub-encoding to TS1/4 on input line 368.
Package textcomp Info: Setting ul9 sub-encoding to TS1/4 on input line 369.
Package textcomp Info: Setting augie sub-encoding to TS1/5 on input line 370.
Package textcomp Info: Setting dayrom sub-encoding to TS1/3 on input line 371.
Package textcomp Info: Setting dayroms sub-encoding to TS1/3 on input line 372.

Package textcomp Info: Setting pxr sub-encoding to TS1/0 on input line 373.
Package textcomp Info: Setting pxss sub-encoding to TS1/0 on input line 374.
Package textcomp Info: Setting pxtt sub-encoding to TS1/0 on input line 375.
Package textcomp Info: Setting txr sub-encoding to TS1/0 on input line 376.
Package textcomp Info: Setting txss sub-encoding to TS1/0 on input line 377.
Package textcomp Info: Setting txtt sub-encoding to TS1/0 on input line 378.
Package textcomp Info: Setting lmr sub-encoding to TS1/0 on input line 379.
Package textcomp Info: Setting lmdh sub-encoding to TS1/0 on input line 380.
Package textcomp Info: Setting lmss sub-encoding to TS1/0 on input line 381.
Package textcomp Info: Setting lmssq sub-encoding to TS1/0 on input line 382.
Package textcomp Info: Setting lmvtt sub-encoding to TS1/0 on input line 383.
Package textcomp Info: Setting lmtt sub-encoding to TS1/0 on input line 384.
Package textcomp Info: Setting qhv sub-encoding to TS1/0 on input line 385.
Package textcomp Info: Setting qag sub-encoding to TS1/0 on input line 386.
Package textcomp Info: Setting qbk sub-encoding to TS1/0 on input line 387.
Package textcomp Info: Setting qcr sub-encoding to TS1/0 on input line 388.
Package textcomp Info: Setting qcs sub-encoding to TS1/0 on input line 389.
Package textcomp Info: Setting qpl sub-encoding to TS1/0 on input line 390.
Package textcomp Info: Setting qtm sub-encoding to TS1/0 on input line 391.
Package textcomp Info: Setting qzc sub-encoding to TS1/0 on input line 392.
Package textcomp Info: Setting qhvc sub-encoding to TS1/0 on input line 393.
Package textcomp Info: Setting futs sub-encoding to TS1/4 on input line 394.
Package textcomp Info: Setting futx sub-encoding to TS1/4 on input line 395.
Package textcomp Info: Setting futj sub-encoding to TS1/4 on input line 396.
Package textcomp Info: Setting hlh sub-encoding to TS1/3 on input line 397.
Package textcomp Info: Setting hls sub-encoding to TS1/3 on input line 398.
Package textcomp Info: Setting hlst sub-encoding to TS1/3 on input line 399.
Package textcomp Info: Setting hlct sub-encoding to TS1/5 on input line 400.
Package textcomp Info: Setting hlx sub-encoding to TS1/5 on input line 401.
Package textcomp Info: Setting hlce sub-encoding to TS1/5 on input line 402.
Package textcomp Info: Setting hlcn sub-encoding to TS1/5 on input line 403.
Package textcomp Info: Setting hlcw sub-encoding to TS1/5 on input line 404.
Package textcomp Info: Setting hlcf sub-encoding to TS1/5 on input line 405.
Package textcomp Info: Setting pplx sub-encoding to TS1/3 on input line 406.
Package textcomp Info: Setting pplj sub-encoding to TS1/3 on input line 407.
Package textcomp Info: Setting ptmx sub-encoding to TS1/4 on input line 408.
Package textcomp Info: Setting ptmj sub-encoding to TS1/4 on input line 409.
)
(/usr/local/texlive/2015/texmf-dist/tex/latex/mweights/mweights.sty
Package: mweights 2013/07/21 (Bob Tennent) Support package for multiple-weight 
font packages. 
LaTeX Info: Redefining \bfseries on input line 22.
LaTeX Info: Redefining \mdseries on input line 29.
LaTeX Info: Redefining \rmfamily on input line 36.
LaTeX Info: Redefining \sffamily on input line 53.
LaTeX Info: Redefining \ttfamily on input line 70.
)
(/usr/local/texlive/2015/texmf-dist/tex/latex/base/fontenc.sty
Package: fontenc 2005/09/27 v1.99g Standard LaTeX package
)
(/usr/local/texlive/2015/texmf-dist/tex/latex/fontaxes/fontaxes.sty
Package: fontaxes 2014/03/23 v1.0d Font selection axes
LaTeX Info: Redefining \upshape on input line 29.
LaTeX Info: Redefining \itshape on input line 31.
LaTeX Info: Redefining \slshape on input line 33.
LaTeX Info: Redefining \scshape on input line 37.
)
LaTeX Info: Redefining \oldstylenums on input line 478.

(/usr/local/texlive/2015/texmf-dist/tex/latex/libertine/LinLibertine_I.tex))
(/usr/local/texlive/2015/texmf-dist/tex/latex/inconsolata/zi4.sty
Package: zi4 2014/06/22 v1.05

`inconsolata-zi4' v1.05, 2014/06/22 Text macros for Inconsolata (msharpe)
\zifour@ocount=\count122
)
(/usr/local/texlive/2015/texmf-dist/tex/latex/newtx/newtxmath.sty
Package: newtxmath 2015/05/01 v1.437

`newtxmath' v1.437, 2015/05/01 Math macros based on txfonts (msharpe)
(/usr/local/texlive/2015/texmf-dist/tex/generic/kastrup/binhex.tex)
\tx@Isdigit=\count123
LaTeX Font Info:    Redeclaring symbol font `operators' on input line 107.
LaTeX Font Info:    Overwriting symbol font `operators' in version `normal'
(Font)                  OT1/cmr/m/n --> OT1/LinuxLibertineT-TLF/m/n on input li
ne 107.
LaTeX Font Info:    Overwriting symbol font `operators' in version `bold'
(Font)                  OT1/cmr/bx/n --> OT1/LinuxLibertineT-TLF/m/n on input l
ine 107.
LaTeX Font Info:    Overwriting symbol font `operators' in version `bold'
(Font)                  OT1/LinuxLibertineT-TLF/m/n --> OT1/LinuxLibertineT-TLF
/sb/n on input line 108.
LaTeX Font Info:    Redeclaring math alphabet \mathsf on input line 114.
LaTeX Font Info:    Overwriting math alphabet `\mathsf' in version `normal'
(Font)                  OT1/cmss/m/n --> OT1/LinuxBiolinumT-TLF/m/n on input li
ne 114.
LaTeX Font Info:    Overwriting math alphabet `\mathsf' in version `bold'
(Font)                  OT1/cmss/bx/n --> OT1/LinuxBiolinumT-TLF/m/n on input l
ine 114.
LaTeX Font Info:    Redeclaring math alphabet \mathit on input line 115.
LaTeX Font Info:    Overwriting math alphabet `\mathit' in version `normal'
(Font)                  OT1/cmr/m/it --> OT1/LinuxLibertineT-TLF/m/it on input 
line 115.
LaTeX Font Info:    Overwriting math alphabet `\mathit' in version `bold'
(Font)                  OT1/cmr/bx/it --> OT1/LinuxLibertineT-TLF/m/it on input
 line 115.
LaTeX Font Info:    Redeclaring math alphabet \mathtt on input line 116.
LaTeX Font Info:    Overwriting math alphabet `\mathtt' in version `normal'
(Font)                  OT1/cmtt/m/n --> OT1/zi4/m/n on input line 116.
LaTeX Font Info:    Overwriting math alphabet `\mathtt' in version `bold'
(Font)                  OT1/cmtt/m/n --> OT1/zi4/m/n on input line 116.
LaTeX Font Info:    Redeclaring math alphabet \mathbf on input line 118.
LaTeX Font Info:    Overwriting math alphabet `\mathbf' in version `normal'
(Font)                  OT1/cmr/bx/n --> OT1/LinuxLibertineT-TLF/sb/n on input 
line 118.
LaTeX Font Info:    Overwriting math alphabet `\mathbf' in version `bold'
(Font)                  OT1/cmr/bx/n --> OT1/LinuxLibertineT-TLF/sb/n on input 
line 118.
LaTeX Font Info:    Overwriting math alphabet `\mathit' in version `bold'
(Font)                  OT1/LinuxLibertineT-TLF/m/it --> OT1/LinuxLibertineT-TL
F/sb/it on input line 119.
LaTeX Font Info:    Overwriting math alphabet `\mathsf' in version `bold'
(Font)                  OT1/LinuxBiolinumT-TLF/m/n --> OT1/LinuxBiolinumT-TLF/b
/n on input line 120.
LaTeX Font Info:    Overwriting math alphabet `\mathtt' in version `bold'
(Font)                  OT1/zi4/m/n --> OT1/zi4/b/n on input line 121.
LaTeX Font Info:    Redeclaring symbol font `letters' on input line 133.
LaTeX Font Info:    Overwriting symbol font `letters' in version `normal'
(Font)                  OML/cmm/m/it --> OML/nxlmi/m/it on input line 133.
LaTeX Font Info:    Overwriting symbol font `letters' in version `bold'
(Font)                  OML/cmm/b/it --> OML/nxlmi/m/it on input line 133.
LaTeX Font Info:    Overwriting symbol font `letters' in version `bold'
(Font)                  OML/nxlmi/m/it --> OML/nxlmi/b/it on input line 134.
\symlettersA=\mathgroup6
LaTeX Font Info:    Overwriting symbol font `lettersA' in version `bold'
(Font)                  U/ntxmia/m/it --> U/ntxmia/b/it on input line 177.
LaTeX Font Info:    Redeclaring math alphabet \mathfrak on input line 179.
LaTeX Font Info:    Redeclaring symbol font `symbols' on input line 185.
LaTeX Font Info:    Overwriting symbol font `symbols' in version `normal'
(Font)                  OMS/cmsy/m/n --> OMS/ntxsy/m/n on input line 185.
LaTeX Font Info:    Overwriting symbol font `symbols' in version `bold'
(Font)                  OMS/cmsy/b/n --> OMS/ntxsy/m/n on input line 185.
LaTeX Font Info:    Overwriting symbol font `symbols' in version `bold'
(Font)                  OMS/ntxsy/m/n --> OMS/ntxsy/b/n on input line 186.
\symAMSm=\mathgroup7
LaTeX Font Info:    Overwriting symbol font `AMSm' in version `bold'
(Font)                  U/ntxsym/m/n --> U/ntxsym/b/n on input line 206.
\symsymbolsC=\mathgroup8
LaTeX Font Info:    Overwriting symbol font `symbolsC' in version `bold'
(Font)                  U/ntxsyc/m/n --> U/ntxsyc/b/n on input line 227.
LaTeX Font Info:    Redeclaring symbol font `largesymbols' on input line 240.
LaTeX Font Info:    Encoding `OMX' has changed to `LMX' for symbol font
(Font)              `largesymbols' in the math version `normal' on input line 2
40.
LaTeX Font Info:    Overwriting symbol font `largesymbols' in version `normal'
(Font)                  OMX/cmex/m/n --> LMX/ntxexx/m/n on input line 240.
LaTeX Font Info:    Encoding `OMX' has changed to `LMX' for symbol font
(Font)              `largesymbols' in the math version `bold' on input line 240
.
LaTeX Font Info:    Overwriting symbol font `largesymbols' in version `bold'
(Font)                  OMX/cmex/m/n --> LMX/ntxexx/m/n on input line 240.
LaTeX Font Info:    Overwriting symbol font `largesymbols' in version `bold'
(Font)                  LMX/ntxexx/m/n --> LMX/ntxexx/b/n on input line 241.
\symlargesymbolsTXA=\mathgroup9
LaTeX Font Info:    Overwriting symbol font `largesymbolsTXA' in version `bold'

(Font)                  U/ntxexa/m/n --> U/ntxexa/b/n on input line 255.
LaTeX Info: Redefining \not on input line 1638.
LaTeX Info: Redefining \textsquare on input line 1659.
LaTeX Info: Redefining \openbox on input line 1661.
)
(/usr/local/texlive/2015/texmf-dist/tex/latex/base/fontenc.sty
Package: fontenc 2005/09/27 v1.99g Standard LaTeX package

(/usr/local/texlive/2015/texmf-dist/tex/latex/base/t1enc.def
File: t1enc.def 2005/09/27 v1.99g Standard LaTeX file
LaTeX Font Info:    Redeclaring font encoding T1 on input line 48.
)<<t1.cmap>>)
(/usr/local/texlive/2015/texmf-dist/tex/latex/caption/caption.sty
Package: caption 2013/05/02 v3.3-89 Customizing captions (AR)

(/usr/local/texlive/2015/texmf-dist/tex/latex/caption/caption3.sty
Package: caption3 2013/05/02 v1.6-88 caption3 kernel (AR)
Package caption3 Info: TeX engine: e-TeX on input line 57.
\captionmargin=\dimen130
\captionmargin@=\dimen131
\captionwidth=\dimen132
\caption@tempdima=\dimen133
\caption@indent=\dimen134
\caption@parindent=\dimen135
\caption@hangindent=\dimen136
)
Package caption Info: AMS or SMF document class.
\c@ContinuedFloat=\count124
Package caption Info: hyperref package is loaded.
)
(/usr/local/texlive/2015/texmf-dist/tex/latex/float/float.sty
Package: float 2001/11/08 v1.3d Float enhancements (AL)
\c@float@type=\count125
\float@exts=\toks29
\float@box=\box29
\@float@everytoks=\toks30
\@floatcapt=\box30
)
\@float@every@sidebar=\toks31
\c@sidebar=\count126
\fulltextwidth=\dimen137
\@ACM@labelwidth=\dimen138
\listisep=\skip55
\num@authorgroups=\count127
\num@authors=\count128
\@ACM@badge@width=\skip56
\@ACM@title@width=\skip57
\@ACM@badge@skip=\skip58
Class acmart Info: Printing CCS on input line 1258.
Class acmart Info: Printing bibformat on input line 1258.
Class acmart Info: Suppressing folios on input line 1265.
Class acmart Info: Setting authorsperrow to 0 on input line 1268.

(/usr/local/texlive/2015/texmf-dist/tex/latex/comment/comment.sty
\CommentStream=\write4

Excluding comment 'comment') Excluding comment 'CCSXML'
\mktitle@bx=\box31
\@ACM@commabox=\box32
\author@bx=\box33
\author@bx@wd=\dimen139
\author@bx@sep=\skip59

(/usr/local/texlive/2015/texmf-dist/tex/latex/fancyhdr/fancyhdr.sty
\fancy@headwidth=\skip60
\f@ncyO@elh=\skip61
\f@ncyO@erh=\skip62
\f@ncyO@olh=\skip63
\f@ncyO@orh=\skip64
\f@ncyO@elf=\skip65
\f@ncyO@erf=\skip66
\f@ncyO@olf=\skip67
\f@ncyO@orf=\skip68
)
\@folio@wd=\dimen140
\@folio@ht=\dimen141
\@folio@voffset=\dimen142

Special comment 'acks'
LaTeX Font Info:    Try loading font information for T1+LinuxLibertineT-TLF on 
input line 2558.

(/usr/local/texlive/2015/texmf-dist/tex/latex/libertine/T1LinuxLibertineT-TLF.f
d
File: T1LinuxLibertineT-TLF.fd 2012/11/26 (autoinst) Font definitions for T1/Li
nuxLibertineT-TLF.
)
LaTeX Font Info:    Font shape `T1/LinuxLibertineT-TLF/m/n' will be
(Font)              scaled to size 10.0pt on input line 2558.
) (/usr/local/texlive/2015/texmf-dist/tex/latex/oberdiek/epstopdf.sty
Package: epstopdf 2010/02/09 v2.5 Conversion with epstopdf on the fly (HO)

(/usr/local/texlive/2015/texmf-dist/tex/latex/oberdiek/epstopdf-base.sty
Package: epstopdf-base 2010/02/09 v2.5 Base part for package epstopdf

(/usr/local/texlive/2015/texmf-dist/tex/latex/oberdiek/grfext.sty
Package: grfext 2010/08/19 v1.1 Manage graphics extensions (HO)
)
Package grfext Info: Graphics extension search list:
(grfext)             [.png,.pdf,.jpg,.mps,.jpeg,.jbig2,.jb2,.PNG,.PDF,.JPG,.JPE
G,.JBIG2,.JB2,.eps]
(grfext)             \AppendGraphicsExtensions on input line 452.

(/usr/local/texlive/2015/texmf-dist/tex/latex/latexconfig/epstopdf-sys.cfg
File: epstopdf-sys.cfg 2010/07/13 v1.3 Configuration of (r)epstopdf for TeX Liv
e
)))
(/usr/local/texlive/2015/texmf-dist/tex/latex/algorithms/algorithm.sty
Package: algorithm 2009/08/24 v0.1 Document Style `algorithm' - floating enviro
nment

(/usr/local/texlive/2015/texmf-dist/tex/latex/base/ifthen.sty
Package: ifthen 2014/09/29 v1.1c Standard LaTeX ifthen package (DPC)
)
\@float@every@algorithm=\toks32
\c@algorithm=\count129
)
(/usr/local/texlive/2015/texmf-dist/tex/latex/algorithms/algorithmic.sty
Package: algorithmic 2009/08/24 v0.1 Document Style `algorithmic'
\c@ALC@unique=\count130
\c@ALC@line=\count131
\c@ALC@rem=\count132
\c@ALC@depth=\count133
\ALC@tlm=\skip69
\algorithmicindent=\skip70
)
(/usr/local/texlive/2015/texmf-dist/tex/latex/multirow/multirow.sty
\bigstrutjot=\dimen143
)
(/usr/local/texlive/2015/texmf-dist/tex/latex/tools/hhline.sty
Package: hhline 2014/10/28 v2.03 Table rule package (DPC)
)
(/usr/local/texlive/2015/texmf-dist/tex/latex/setspace/setspace.sty
Package: setspace 2011/12/19 v6.7a set line spacing
)
(/usr/local/texlive/2015/texmf-dist/tex/latex/psnfss/mathptmx.sty
Package: mathptmx 2005/04/12 PSNFSS-v9.2a Times w/ Math, improved (SPQR, WaS) 
LaTeX Font Info:    Redeclaring symbol font `operators' on input line 28.
LaTeX Font Info:    Overwriting symbol font `operators' in version `normal'
(Font)                  OT1/LinuxLibertineT-TLF/m/n --> OT1/ztmcm/m/n on input 
line 28.
LaTeX Font Info:    Overwriting symbol font `operators' in version `bold'
(Font)                  OT1/LinuxLibertineT-TLF/sb/n --> OT1/ztmcm/m/n on input
 line 28.
LaTeX Font Info:    Redeclaring symbol font `letters' on input line 29.
LaTeX Font Info:    Overwriting symbol font `letters' in version `normal'
(Font)                  OML/nxlmi/m/it --> OML/ztmcm/m/it on input line 29.
LaTeX Font Info:    Overwriting symbol font `letters' in version `bold'
(Font)                  OML/nxlmi/b/it --> OML/ztmcm/m/it on input line 29.
LaTeX Font Info:    Redeclaring symbol font `symbols' on input line 30.
LaTeX Font Info:    Overwriting symbol font `symbols' in version `normal'
(Font)                  OMS/ntxsy/m/n --> OMS/ztmcm/m/n on input line 30.
LaTeX Font Info:    Overwriting symbol font `symbols' in version `bold'
(Font)                  OMS/ntxsy/b/n --> OMS/ztmcm/m/n on input line 30.
LaTeX Font Info:    Redeclaring symbol font `largesymbols' on input line 31.
LaTeX Font Info:    Encoding `LMX' has changed to `OMX' for symbol font
(Font)              `largesymbols' in the math version `normal' on input line 3
1.
LaTeX Font Info:    Overwriting symbol font `largesymbols' in version `normal'
(Font)                  LMX/ntxexx/m/n --> OMX/ztmcm/m/n on input line 31.
LaTeX Font Info:    Encoding `LMX' has changed to `OMX' for symbol font
(Font)              `largesymbols' in the math version `bold' on input line 31.

LaTeX Font Info:    Overwriting symbol font `largesymbols' in version `bold'
(Font)                  LMX/ntxexx/b/n --> OMX/ztmcm/m/n on input line 31.
\symbold=\mathgroup10
\symitalic=\mathgroup11
LaTeX Font Info:    Redeclaring math alphabet \mathbf on input line 34.
LaTeX Font Info:    Overwriting math alphabet `\mathbf' in version `normal'
(Font)                  OT1/LinuxLibertineT-TLF/sb/n --> OT1/ptm/bx/n on input 
line 34.
LaTeX Font Info:    Overwriting math alphabet `\mathbf' in version `bold'
(Font)                  OT1/LinuxLibertineT-TLF/sb/n --> OT1/ptm/bx/n on input 
line 34.
LaTeX Font Info:    Redeclaring math alphabet \mathit on input line 35.
LaTeX Font Info:    Overwriting math alphabet `\mathit' in version `normal'
(Font)                  OT1/LinuxLibertineT-TLF/m/it --> OT1/ptm/m/it on input 
line 35.
LaTeX Font Info:    Overwriting math alphabet `\mathit' in version `bold'
(Font)                  OT1/LinuxLibertineT-TLF/sb/it --> OT1/ptm/m/it on input
 line 35.
LaTeX Info: Redefining \hbar on input line 50.
LaTeX Font Info:    Redeclaring math symbol \upGamma on input line 93.
LaTeX Font Info:    Redeclaring math symbol \upDelta on input line 94.
LaTeX Font Info:    Redeclaring math symbol \upTheta on input line 95.
LaTeX Font Info:    Redeclaring math symbol \upLambda on input line 96.
LaTeX Font Info:    Redeclaring math symbol \upXi on input line 97.
LaTeX Font Info:    Redeclaring math symbol \upPi on input line 98.
LaTeX Font Info:    Redeclaring math symbol \upSigma on input line 99.
LaTeX Font Info:    Redeclaring math symbol \upUpsilon on input line 100.
LaTeX Font Info:    Redeclaring math symbol \upPhi on input line 101.
LaTeX Font Info:    Redeclaring math symbol \upPsi on input line 102.
LaTeX Font Info:    Redeclaring math symbol \upOmega on input line 103.
)
(/usr/local/texlive/2015/texmf-dist/tex/latex/psnfss/helvet.sty
Package: helvet 2005/04/12 PSNFSS-v9.2a (WaS) 
)
(/usr/local/texlive/2015/texmf-dist/tex/latex/psnfss/courier.sty
Package: courier 2005/04/12 PSNFSS-v9.2a (WaS) 
)
(/usr/local/texlive/2015/texmf-dist/tex/latex/type1cm/type1cm.sty
Package: type1cm 2002/09/05 v0.04 BlueSky/Y&Y Type1 CM font definitions (DPC, p
atched RF)
)
(/usr/local/texlive/2015/texmf-dist/tex/latex/caption/subcaption.sty
Package: subcaption 2013/02/03 v1.1-62 Sub-captions (AR)
\c@subfigure=\count134
\c@subtable=\count135
)
(/usr/local/texlive/2015/texmf-dist/tex/latex/cases/cases.sty
Package: cases 2002/05/02 ver 2.5 
)
(/usr/local/texlive/2015/texmf-dist/tex/latex/colortbl/colortbl.sty
Package: colortbl 2012/02/13 v1.0a Color table columns (DPC)

(/usr/local/texlive/2015/texmf-dist/tex/latex/tools/array.sty
Package: array 2014/10/28 v2.4c Tabular extension package (FMi)
\col@sep=\dimen144
\extrarowheight=\dimen145
\NC@list=\toks33
\extratabsurround=\skip71
\backup@length=\skip72
)
\everycr=\toks34
\minrowclearance=\skip73
)
Package hyperref Info: Option `colorlinks' set `true' on input line 49.


Package hyperref Warning: Option `dvipdfm' has already been used,
(hyperref)                setting the option has no effect on input line 49.

(/usr/local/texlive/2015/texmf-dist/tex/latex/sttools/flushend.sty
Package: flushend 2015/04/14 v3.1 Balancing columns in twocolumn mode
\flushend@@lastskip@a=\skip74
\flushend@@lastskip@b=\skip75
\flushend@@lastskip@c=\skip76
\flushend@@penalty@a=\count136
\flushend@@lastkern@a=\dimen146
\var@@temp@spread=\dimen147
\var@@temp@a=\dimen148
\flushend@@page@rule=\dimen149
\flushend@@varbox@a=\box34
\flushend@@varbox@c=\box35
\flushend@@tempbox@a=\box36
\flushend@@tempbox@c=\box37
\@viper=\box38
\hold@viper=\box39
\atColsBreak=\toks35
\atColsEnd=\toks36
)
(/usr/local/texlive/2015/texmf-dist/tex/latex/breakurl/breakurl.sty
Package: breakurl 2013/04/10 v1.40 Breakable hyperref URLs


Package breakurl Warning: You are using breakurl while processing via pdflatex.

(breakurl)                \burl will be just a synonym of \url.
(breakurl)                 on input line 48.

) (/usr/local/texlive/2015/texmf-dist/tex/latex/tools/xspace.sty
Package: xspace 2014/10/28 v1.13 Space after command names (DPC,MH)
)
(/usr/local/texlive/2015/texmf-dist/tex/latex/enumitem/enumitem.sty
Package: enumitem 2011/09/28 v3.5.2 Customized lists
\enitkv@toks@=\toks37
\labelindent=\skip77
\enit@outerparindent=\dimen150
\enit@toks=\toks38
\enit@inbox=\box40
\enitdp@description=\count137
)
\c@algorithm1=\count138
\c@theorem=\count139
\c@proposition=\count140
\c@constrain=\count141
\c@definition=\count142
\c@packednmbr=\count143
\c@myfootnotecounter=\count144

Excluding comment 'screenonly' Include comment 'printonly'
Include comment 'anonsuppress'
(/Users/kaichen/Documents/Research/papers/BDS/.texpadtmp/main-BDS.aux)
\openout1 = `main-BDS.aux'.

LaTeX Font Info:    Checking defaults for OML/nxlmi/m/it on input line 119.
LaTeX Font Info:    Try loading font information for OML+nxlmi on input line 11
9.

(/usr/local/texlive/2015/texmf-dist/tex/latex/newtx/omlnxlmi.fd
File: omlnxlmi.fd 2013/11/19 Fontinst v1.933 font definitions for OML/nxlmi.
)
LaTeX Font Info:    ... okay on input line 119.
LaTeX Font Info:    Checking defaults for T1/cmr/m/n on input line 119.
LaTeX Font Info:    ... okay on input line 119.
LaTeX Font Info:    Checking defaults for OT1/cmr/m/n on input line 119.
LaTeX Font Info:    ... okay on input line 119.
LaTeX Font Info:    Checking defaults for OMS/ntxsy/m/n on input line 119.
LaTeX Font Info:    Try loading font information for OMS+ntxsy on input line 11
9.

(/usr/local/texlive/2015/texmf-dist/tex/latex/newtx/omsntxsy.fd
File: omsntxsy.fd 2012/11/14 Fontinst v1.933 font definitions for OMS/ntxsy.
)
LaTeX Font Info:    ... okay on input line 119.
LaTeX Font Info:    Checking defaults for OMX/cmex/m/n on input line 119.
LaTeX Font Info:    ... okay on input line 119.
LaTeX Font Info:    Checking defaults for U/ntxexa/m/n on input line 119.
LaTeX Font Info:    Try loading font information for U+ntxexa on input line 119
.

(/usr/local/texlive/2015/texmf-dist/tex/latex/newtx/untxexa.fd
File: untxexa.fd 2012/04/16 Fontinst v1.933 font definitions for U/ntxexa.
)
LaTeX Font Info:    ... okay on input line 119.
LaTeX Font Info:    Checking defaults for PD1/pdf/m/n on input line 119.
LaTeX Font Info:    ... okay on input line 119.
LaTeX Font Info:    Checking defaults for PU/pdf/m/n on input line 119.
LaTeX Font Info:    ... okay on input line 119.
LaTeX Font Info:    Checking defaults for TS1/cmr/m/n on input line 119.
LaTeX Font Info:    Try loading font information for TS1+cmr on input line 119.


(/usr/local/texlive/2015/texmf-dist/tex/latex/base/ts1cmr.fd
File: ts1cmr.fd 2014/09/29 v2.5h Standard LaTeX font definitions
)
LaTeX Font Info:    ... okay on input line 119.
LaTeX Font Info:    Checking defaults for LMX/ntxexx/m/n on input line 119.
LaTeX Font Info:    ... okay on input line 119.
LaTeX Font Info:    Try loading font information for T1+ptm on input line 119.

(/usr/local/texlive/2015/texmf-dist/tex/latex/psnfss/t1ptm.fd
File: t1ptm.fd 2001/06/04 font definitions for T1/ptm.
)
LaTeX Font Info:    Try loading font information for OT1+ztmcm on input line 11
9.

(/usr/local/texlive/2015/texmf-dist/tex/latex/psnfss/ot1ztmcm.fd
File: ot1ztmcm.fd 2000/01/03 Fontinst v1.801 font definitions for OT1/ztmcm.
)<<ot1.cmap>>
LaTeX Font Info:    Try loading font information for OML+ztmcm on input line 11
9.

(/usr/local/texlive/2015/texmf-dist/tex/latex/psnfss/omlztmcm.fd
File: omlztmcm.fd 2000/01/03 Fontinst v1.801 font definitions for OML/ztmcm.
)<<oml.cmap>>
LaTeX Font Info:    Try loading font information for OMS+ztmcm on input line 11
9.

(/usr/local/texlive/2015/texmf-dist/tex/latex/psnfss/omsztmcm.fd
File: omsztmcm.fd 2000/01/03 Fontinst v1.801 font definitions for OMS/ztmcm.
)<<oms.cmap>>
LaTeX Font Info:    Try loading font information for OMX+ztmcm on input line 11
9.

(/usr/local/texlive/2015/texmf-dist/tex/latex/psnfss/omxztmcm.fd
File: omxztmcm.fd 2000/01/03 Fontinst v1.801 font definitions for OMX/ztmcm.
)<<omx.cmap>>
LaTeX Font Info:    Try loading font information for U+ntxmia on input line 119
.

(/usr/local/texlive/2015/texmf-dist/tex/latex/newtx/untxmia.fd
File: untxmia.fd 2012/04/16 Fontinst v1.933 font definitions for U/ntxmia.
)
LaTeX Font Info:    Try loading font information for U+ntxsym on input line 119
.

(/usr/local/texlive/2015/texmf-dist/tex/latex/newtx/untxsym.fd
File: untxsym.fd 2015/03/20 Fontinst v1.933 font definitions for U/ntxsym.
)
LaTeX Font Info:    Try loading font information for U+ntxsyc on input line 119
.

(/usr/local/texlive/2015/texmf-dist/tex/latex/newtx/untxsyc.fd
File: untxsyc.fd 2012/04/12 Fontinst v1.933 font definitions for U/ntxsyc.
)
LaTeX Font Info:    Try loading font information for OT1+ptm on input line 119.


(/usr/local/texlive/2015/texmf-dist/tex/latex/psnfss/ot1ptm.fd
File: ot1ptm.fd 2001/06/04 font definitions for OT1/ptm.
)
LaTeX Font Info:    Font shape `OT1/ptm/bx/n' in size <8> not available
(Font)              Font shape `OT1/ptm/b/n' tried instead on input line 119.
LaTeX Font Info:    Font shape `OT1/ptm/bx/n' in size <6> not available
(Font)              Font shape `OT1/ptm/b/n' tried instead on input line 119.
LaTeX Font Info:    Font shape `OT1/ptm/bx/n' in size <5> not available
(Font)              Font shape `OT1/ptm/b/n' tried instead on input line 119.
LaTeX Info: Redefining \microtypecontext on input line 119.
Package microtype Info: Generating PDF output.
Package microtype Info: Character protrusion enabled (level 2).
Package microtype Info: Using default protrusion set `alltext'.
Package microtype Info: Automatic font expansion enabled (level 2),
(microtype)             stretch: 20, shrink: 20, step: 1, non-selected.
Package microtype Info: Using default expansion set `basictext'.
Package microtype Info: No adjustment of tracking.
Package microtype Info: No adjustment of interword spacing.
Package microtype Info: No adjustment of character kerning.

(/usr/local/texlive/2015/texmf-dist/tex/latex/microtype/mt-ptm.cfg
File: mt-ptm.cfg 2006/04/20 v1.7 microtype config. file: Times (RS)
)
ABD: EveryShipout initializing macros
\AtBeginShipoutBox=\box41
Package hyperref Info: Link coloring OFF on input line 119.

(/usr/local/texlive/2015/texmf-dist/tex/latex/hyperref/nameref.sty
Package: nameref 2012/10/27 v2.43 Cross-referencing by name of section

(/usr/local/texlive/2015/texmf-dist/tex/generic/oberdiek/gettitlestring.sty
Package: gettitlestring 2010/12/03 v1.4 Cleanup title references (HO)
)
\c@section@level=\count145
)
LaTeX Info: Redefining \ref on input line 119.
LaTeX Info: Redefining \pageref on input line 119.
LaTeX Info: Redefining \nameref on input line 119.

(/Users/kaichen/Documents/Research/papers/BDS/.texpadtmp/main-BDS.out)
(/Users/kaichen/Documents/Research/papers/BDS/.texpadtmp/main-BDS.out)
\@outlinefile=\write5
\openout5 = `main-BDS.out'.


(/usr/local/texlive/2015/texmf-dist/tex/context/base/supp-pdf.mkii
[Loading MPS to PDF converter (version 2006.09.02).]
\scratchcounter=\count146
\scratchdimen=\dimen151
\scratchbox=\box42
\nofMPsegments=\count147
\nofMParguments=\count148
\everyMPshowfont=\toks39
\MPscratchCnt=\count149
\MPscratchDim=\dimen152
\MPnumerator=\count150
\makeMPintoPDFobject=\count151
\everyMPtoPDFconversion=\toks40
)
*geometry* driver: auto-detecting
*geometry* detected driver: pdftex
*geometry* verbose mode - [ preamble ] result:
* driver: pdftex
* paper: custom
* layout: <same size as paper>
* layoutoffset:(h,v)=(0.0pt,0.0pt)
* modes: includehead includefoot twoside heightrounded 
* h-part:(L,W,R)=(54.0pt, 506.295pt, 54.0pt)
* v-part:(T,H,B)=(57.0pt, 664.96999pt, 73.0pt)
* \paperwidth=614.295pt
* \paperheight=794.96999pt
* \textwidth=506.295pt
* \textheight=622.0pt
* \oddsidemargin=-18.26999pt
* \evensidemargin=-18.26999pt
* \topmargin=-15.26999pt
* \headheight=13.0pt
* \headsep=14.0pt
* \topskip=10.0pt
* \footskip=12.0pt
* \marginparwidth=24.0pt
* \marginparsep=11.0pt
* \columnsep=24.0pt
* \skip\footins=7.0pt plus 11.0pt
* \hoffset=0.0pt
* \voffset=0.0pt
* \mag=1000
* \@twocolumnfalse
* \@twosidetrue
* \@mparswitchtrue
* \@reversemarginfalse
* (1in=72.27pt=25.4mm, 1cm=28.453pt)

\c@mv@tabular=\count152
\c@mv@boldtabular=\count153
(/usr/local/texlive/2015/texmf-dist/tex/latex/upquote/upquote.sty
Package: upquote 2012/04/19 v1.3 upright-quote and grave-accent glyphs in verba
tim
)
Package caption Info: Begin \AtBeginDocument code.
Package caption Info: float package is loaded.
Package caption Info: End \AtBeginDocument code.

(./abstract_final.tex)
LaTeX Font Info:    Try loading font information for T1+phv on input line 195.

(/usr/local/texlive/2015/texmf-dist/tex/latex/psnfss/t1phv.fd
File: t1phv.fd 2001/06/04 scalable font definitions for T1/phv.
)
Package microtype Info: Loading generic settings for font family
(microtype)             `phv' (encoding: T1).
(microtype)             For optimal results, create family-specific settings.
(microtype)             See the microtype manual for details.
LaTeX Font Info:    Font shape `T1/phv/bx/n' in size <20.74> not available
(Font)              Font shape `T1/phv/b/n' tried instead on input line 195.
Package microtype Info: Loading generic settings for font family
(microtype)             `ztmcm' (encoding: OT1).
(microtype)             For optimal results, create family-specific settings.
(microtype)             See the microtype manual for details.

(/usr/local/texlive/2015/texmf-dist/tex/latex/microtype/mt-msa.cfg
File: mt-msa.cfg 2006/02/04 v1.1 microtype config. file: AMS symbols (a) (RS)
)
(/usr/local/texlive/2015/texmf-dist/tex/latex/microtype/mt-msb.cfg
File: mt-msb.cfg 2005/06/01 v1.0 microtype config. file: AMS symbols (b) (RS)
)
LaTeX Font Info:    Font shape `OT1/ptm/bx/n' in size <10.95> not available
(Font)              Font shape `OT1/ptm/b/n' tried instead on input line 195.
LaTeX Font Info:    Try loading font information for TS1+ptm on input line 195.


(/usr/local/texlive/2015/texmf-dist/tex/latex/psnfss/ts1ptm.fd
File: ts1ptm.fd 2001/06/04 font definitions for TS1/ptm.
)
LaTeX Font Info:    Font shape `OT1/ptm/bx/n' in size <10> not available
(Font)              Font shape `OT1/ptm/b/n' tried instead on input line 195.
LaTeX Font Info:    Font shape `OT1/ptm/bx/n' in size <7.4> not available
(Font)              Font shape `OT1/ptm/b/n' tried instead on input line 195.
LaTeX Font Info:    Font shape `OT1/ptm/bx/n' in size <9> not available
(Font)              Font shape `OT1/ptm/b/n' tried instead on input line 195.
LaTeX Font Info:    Font shape `OT1/ptm/bx/n' in size <7> not available
(Font)              Font shape `OT1/ptm/b/n' tried instead on input line 195.


Package hyperref Warning: Option `pdflang' has already been used,
(hyperref)                setting the option has no effect on input line 195.


Package hyperref Warning: Option `pdfdisplaydoctitle' has already been used,
(hyperref)                setting the option has no effect on input line 195.

(./intro_final.tex
<images/intro-example-3.pdf, id=119, 563.47513pt x 235.88126pt>
File: images/intro-example-3.pdf Graphic file (type pdf)

<use images/intro-example-3.pdf>
Package pdftex.def Info: images/intro-example-3.pdf used on input line 36.
(pdftex.def)             Requested size: 236.15787pt x 98.86069pt.
 [1.1{/usr/local/texlive/2015/texmf-var/fonts/map/pdftex/updmap/pdftex.map}

]) (./motivation_final.tex

Package Fancyhdr Warning: \headheight is too small (13.0pt): 
 Make it at least 22.95502pt.
 We now make it that large for the rest of the document.
 This may cause the page layout to be inconsistent, however.

[2.2 <./images/intro-example-3.pdf>]
Package epstopdf Info: Source file: <images/destinationDC_v2.eps>
(epstopdf)                    date: 2018-03-08 12:38:34
(epstopdf)                    size: 1451008 bytes
(epstopdf)             Output file: <images/destinationDC_v2-eps-converted-to.p
df>
(epstopdf)                    date: 2018-03-08 12:39:20
(epstopdf)                    size: 11041 bytes
(epstopdf)             Command: <repstopdf --outfile=images/destinationDC_v2-ep
s-converted-to.pdf images/destinationDC_v2.eps>
(epstopdf)             \includegraphics on input line 72.
Package epstopdf Info: Output file is already uptodate.

<images/destinationDC_v2-eps-converted-to.pdf, id=280, 262.9825pt x 210.7875pt>
File: images/destinationDC_v2-eps-converted-to.pdf Graphic file (type pdf)
<use images/destinationDC_v2-eps-converted-to.pdf>
Package pdftex.def Info: images/destinationDC_v2-eps-converted-to.pdf used on i
nput line 72.
(pdftex.def)             Requested size: 116.44568pt x 93.33537pt.

Underfull \hbox (badness 4279) in paragraph at lines 73--73
[]\T1/ptm/b/n/9 (a) |Pro-por-tion of mul-ti-cast
 []

Package epstopdf Info: Source file: <images/DataSize_v2.eps>
(epstopdf)                    date: 2018-03-08 12:38:34
(epstopdf)                    size: 1451003 bytes
(epstopdf)             Output file: <images/DataSize_v2-eps-converted-to.pdf>
(epstopdf)                    date: 2018-03-08 12:39:21
(epstopdf)                    size: 12987 bytes
(epstopdf)             Command: <repstopdf --outfile=images/DataSize_v2-eps-con
verted-to.pdf images/DataSize_v2.eps>
(epstopdf)             \includegraphics on input line 79.
Package epstopdf Info: Output file is already uptodate.
<images/DataSize_v2-eps-converted-to.pdf, id=281, 262.9825pt x 210.7875pt>
File: images/DataSize_v2-eps-converted-to.pdf Graphic file (type pdf)

<use images/DataSize_v2-eps-converted-to.pdf>
Package pdftex.def Info: images/DataSize_v2-eps-converted-to.pdf used on input 
line 79.
(pdftex.def)             Requested size: 116.44568pt x 93.33537pt.

Underfull \hbox (badness 3838) in paragraph at lines 80--80
[]\T1/ptm/b/n/9 (b) |Pro-por-tion of mul-ti-cast
 []


Underfull \hbox (badness 1270) in paragraph at lines 85--85
[]\T1/ptm/b/n/10 Figure 2: |Inter-DC mul-ti-casts (a) are des-tined to a
 []

<images/example-2.pdf, id=285, 945.5325pt x 769.87625pt>
File: images/example-2.pdf Graphic file (type pdf)

<use images/example-2.pdf>
Package pdftex.def Info: images/example-2.pdf used on input line 128.
(pdftex.def)             Requested size: 239.00314pt x 194.59486pt.

Underfull \vbox (badness 1648) has occurred while \output is active []

 [3.3 <./images/destinationDC_v2-eps-converted-to.pdf> <./images/DataSize_v2-ep
s-converted-to.pdf> <./images/example-2.pdf>]
Package epstopdf Info: Source file: <images/potential_v2.eps>
(epstopdf)                    date: 2018-03-08 12:38:34
(epstopdf)                    size: 9577 bytes
(epstopdf)             Output file: <images/potential_v2-eps-converted-to.pdf>
(epstopdf)                    date: 2018-03-08 12:39:21
(epstopdf)                    size: 5694 bytes
(epstopdf)             Command: <repstopdf --outfile=images/potential_v2-eps-co
nverted-to.pdf images/potential_v2.eps>
(epstopdf)             \includegraphics on input line 195.
Package epstopdf Info: Output file is already uptodate.

<images/potential_v2-eps-converted-to.pdf, id=763, 262.9825pt x 188.705pt>
File: images/potential_v2-eps-converted-to.pdf Graphic file (type pdf)

<use images/potential_v2-eps-converted-to.pdf>
Package pdftex.def Info: images/potential_v2-eps-converted-to.pdf used on input
 line 195.
(pdftex.def)             Requested size: 108.405pt x 77.78705pt.

Underfull \hbox (badness 2027) in paragraph at lines 204--204
\T1/ptm/b/n/10 among the inter-DC over-lay paths in our net-work,
 []

[4.4 <./images/potential_v2-eps-converted-to.pdf>]
Package epstopdf Info: Source file: <images/SEvsIdeal.eps>
(epstopdf)                    date: 2018-03-08 12:38:34
(epstopdf)                    size: 10816 bytes
(epstopdf)             Output file: <images/SEvsIdeal-eps-converted-to.pdf>
(epstopdf)                    date: 2018-03-08 12:39:21
(epstopdf)                    size: 7021 bytes
(epstopdf)             Command: <repstopdf --outfile=images/SEvsIdeal-eps-conve
rted-to.pdf images/SEvsIdeal.eps>
(epstopdf)             \includegraphics on input line 285.
Package epstopdf Info: Output file is already uptodate.

<images/SEvsIdeal-eps-converted-to.pdf, id=789, 262.9825pt x 203.76125pt>
File: images/SEvsIdeal-eps-converted-to.pdf Graphic file (type pdf)

<use images/SEvsIdeal-eps-converted-to.pdf>
Package pdftex.def Info: images/SEvsIdeal-eps-converted-to.pdf used on input li
ne 285.
(pdftex.def)             Requested size: 108.405pt x 83.99347pt.
Package epstopdf Info: Source file: <images/nj02-M2A_0212-0216_v3.eps>
(epstopdf)                    date: 2018-03-08 12:38:34
(epstopdf)                    size: 577105 bytes
(epstopdf)             Output file: <images/nj02-M2A_0212-0216_v3-eps-converted
-to.pdf>
(epstopdf)                    date: 2018-03-08 12:39:22
(epstopdf)                    size: 54046 bytes
(epstopdf)             Command: <repstopdf --outfile=images/nj02-M2A_0212-0216_
v3-eps-converted-to.pdf images/nj02-M2A_0212-0216_v3.eps>
(epstopdf)             \includegraphics on input line 313.
Package epstopdf Info: Output file is already uptodate.

<images/nj02-M2A_0212-0216_v3-eps-converted-to.pdf, id=791, 348.30125pt x 168.6
3pt>
File: images/nj02-M2A_0212-0216_v3-eps-converted-to.pdf Graphic file (type pdf)

 <use images/nj02-M2A_0212-0216_v3-eps-converted-to.pdf>
Package pdftex.def Info: images/nj02-M2A_0212-0216_v3-eps-converted-to.pdf used
 on input line 313.
(pdftex.def)             Requested size: 216.81pt x 104.96892pt.
)
(./overview_final.tex
<images/framework-new.pdf, id=799, 553.06625pt x 474.77374pt>
File: images/framework-new.pdf Graphic file (type pdf)

<use images/framework-new.pdf>
Package pdftex.def Info: images/framework-new.pdf used on input line 41.
(pdftex.def)             Requested size: 166.2212pt x 142.68677pt.
 [5.5 <./images/SEvsIdeal-eps-converted-to.pdf> <./images/nj02-M2A_0212-0216_v3
-eps-converted-to.pdf> <./images/framework-new.pdf>]) (./logic_final_v3.tex [6.
6] [7.7]) (./system_final.tex
Package epstopdf Info: Source file: <images/implementation_v4.eps>
(epstopdf)                    date: 2018-03-08 12:38:34
(epstopdf)                    size: 217638 bytes
(epstopdf)             Output file: <images/implementation_v4-eps-converted-to.
pdf>
(epstopdf)                    date: 2018-03-08 12:39:23
(epstopdf)                    size: 12746 bytes
(epstopdf)             Command: <repstopdf --outfile=images/implementation_v4-e
ps-converted-to.pdf images/implementation_v4.eps>
(epstopdf)             \includegraphics on input line 12.
Package epstopdf Info: Output file is already uptodate.

<images/implementation_v4-eps-converted-to.pdf, id=915, 652.4375pt x 398.48875p
t>
File: images/implementation_v4-eps-converted-to.pdf Graphic file (type pdf)
 <use images/implementation_v4-eps-converted-to.pdf>
Package pdftex.def Info: images/implementation_v4-eps-converted-to.pdf used on 
input line 12.
(pdftex.def)             Requested size: 216.81pt x 132.41983pt.
 [8.8 <./images/implementation_v4-eps-converted-to.pdf>]) (./impl_final.tex
LaTeX Font Info:    Try loading font information for T1+pcr on input line 11.

(/usr/local/texlive/2015/texmf-dist/tex/latex/psnfss/t1pcr.fd
File: t1pcr.fd 2001/06/04 font definitions for T1/pcr.
)
Package microtype Info: Loading generic settings for font family
(microtype)             `pcr' (encoding: T1).
(microtype)             For optimal results, create family-specific settings.
(microtype)             See the microtype manual for details.
)
(./eval_final.tex
Package epstopdf Info: Source file: <images/BDSvsAnon_overall_v2.eps>
(epstopdf)                    date: 2018-03-08 12:38:34
(epstopdf)                    size: 11902 bytes
(epstopdf)             Output file: <images/BDSvsAnon_overall_v2-eps-converted-
to.pdf>
(epstopdf)                    date: 2018-03-08 12:39:23
(epstopdf)                    size: 7530 bytes
(epstopdf)             Command: <repstopdf --outfile=images/BDSvsAnon_overall_v
2-eps-converted-to.pdf images/BDSvsAnon_overall_v2.eps>
(epstopdf)             \includegraphics on input line 7.
Package epstopdf Info: Output file is already uptodate.

<images/BDSvsAnon_overall_v2-eps-converted-to.pdf, id=957, 262.9825pt x 165.618
74pt>
File: images/BDSvsAnon_overall_v2-eps-converted-to.pdf Graphic file (type pdf)
 <use images/BDSvsAnon_overall_v2-eps-converted-to.pdf>
Package pdftex.def Info: images/BDSvsAnon_overall_v2-eps-converted-to.pdf used 
on input line 7.
(pdftex.def)             Requested size: 151.89003pt x 95.65964pt.
Package epstopdf Info: Source file: <images/BDS_VS_ANON_v2.eps>
(epstopdf)                    date: 2018-03-08 12:38:34
(epstopdf)                    size: 11435 bytes
(epstopdf)             Output file: <images/BDS_VS_ANON_v2-eps-converted-to.pdf
>
(epstopdf)                    date: 2018-03-08 12:39:24
(epstopdf)                    size: 7313 bytes
(epstopdf)             Command: <repstopdf --outfile=images/BDS_VS_ANON_v2-eps-
converted-to.pdf images/BDS_VS_ANON_v2.eps>
(epstopdf)             \includegraphics on input line 13.
Package epstopdf Info: Output file is already uptodate.

<images/BDS_VS_ANON_v2-eps-converted-to.pdf, id=958, 262.9825pt x 165.61874pt>
File: images/BDS_VS_ANON_v2-eps-converted-to.pdf Graphic file (type pdf)

<use images/BDS_VS_ANON_v2-eps-converted-to.pdf>
Package pdftex.def Info: images/BDS_VS_ANON_v2-eps-converted-to.pdf used on inp
ut line 13.
(pdftex.def)             Requested size: 151.89003pt x 95.65964pt.
Package epstopdf Info: Source file: <images/BDSvsAnon_time_v2.eps>
(epstopdf)                    date: 2018-03-08 12:38:34
(epstopdf)                    size: 95650 bytes
(epstopdf)             Output file: <images/BDSvsAnon_time_v2-eps-converted-to.
pdf>
(epstopdf)                    date: 2018-03-08 12:39:24
(epstopdf)                    size: 58243 bytes
(epstopdf)             Command: <repstopdf --outfile=images/BDSvsAnon_time_v2-e
ps-converted-to.pdf images/BDSvsAnon_time_v2.eps>
(epstopdf)             \includegraphics on input line 19.
Package epstopdf Info: Output file is already uptodate.

<images/BDSvsAnon_time_v2-eps-converted-to.pdf, id=959, 262.9825pt x 165.61874p
t>
File: images/BDSvsAnon_time_v2-eps-converted-to.pdf Graphic file (type pdf)
 <use images/BDSvsAnon_time_v2-eps-converted-to.pdf>
Package pdftex.def Info: images/BDSvsAnon_time_v2-eps-converted-to.pdf used on 
input line 19.
(pdftex.def)             Requested size: 151.89003pt x 95.65964pt.

Underfull \vbox (badness 3815) has occurred while \output is active []

LaTeX Font Info:    Font shape `T1/phv/m/it' in size <10> not available
(Font)              Font shape `T1/phv/m/sl' tried instead on input line 50.
 [9.9]
Package epstopdf Info: Source file: <images/Quota_v2.eps>
(epstopdf)                    date: 2018-03-08 12:38:34
(epstopdf)                    size: 14014 bytes
(epstopdf)             Output file: <images/Quota_v2-eps-converted-to.pdf>
(epstopdf)                    date: 2018-03-08 12:39:25
(epstopdf)                    size: 10681 bytes
(epstopdf)             Command: <repstopdf --outfile=images/Quota_v2-eps-conver
ted-to.pdf images/Quota_v2.eps>
(epstopdf)             \includegraphics on input line 137.
Package epstopdf Info: Output file is already uptodate.

<images/Quota_v2-eps-converted-to.pdf, id=991, 262.9825pt x 188.705pt>
File: images/Quota_v2-eps-converted-to.pdf Graphic file (type pdf)

<use images/Quota_v2-eps-converted-to.pdf>
Package pdftex.def Info: images/Quota_v2-eps-converted-to.pdf used on input lin
e 137.
(pdftex.def)             Requested size: 128.0374pt x 91.87598pt.
Package epstopdf Info: Source file: <images/CPUvsBlk_v3.eps>
(epstopdf)                    date: 2018-03-08 12:38:34
(epstopdf)                    size: 12803 bytes
(epstopdf)             Output file: <images/CPUvsBlk_v3-eps-converted-to.pdf>
(epstopdf)                    date: 2018-03-08 12:39:25
(epstopdf)                    size: 7493 bytes
(epstopdf)             Command: <repstopdf --outfile=images/CPUvsBlk_v3-eps-con
verted-to.pdf images/CPUvsBlk_v3.eps>
(epstopdf)             \includegraphics on input line 181.
Package epstopdf Info: Output file is already uptodate.

<images/CPUvsBlk_v3-eps-converted-to.pdf, id=993, 262.9825pt x 165.61874pt>
File: images/CPUvsBlk_v3-eps-converted-to.pdf Graphic file (type pdf)

<use images/CPUvsBlk_v3-eps-converted-to.pdf>
Package pdftex.def Info: images/CPUvsBlk_v3-eps-converted-to.pdf used on input 
line 181.
(pdftex.def)             Requested size: 142.26378pt x 89.59705pt.
Package epstopdf Info: Source file: <images/NetworkDelay.eps>
(epstopdf)                    date: 2018-03-08 12:38:34
(epstopdf)                    size: 15827 bytes
(epstopdf)             Output file: <images/NetworkDelay-eps-converted-to.pdf>
(epstopdf)                    date: 2018-03-08 12:39:25
(epstopdf)                    size: 10775 bytes
(epstopdf)             Command: <repstopdf --outfile=images/NetworkDelay-eps-co
nverted-to.pdf images/NetworkDelay.eps>
(epstopdf)             \includegraphics on input line 187.
Package epstopdf Info: Output file is already uptodate.

<images/NetworkDelay-eps-converted-to.pdf, id=994, 262.9825pt x 165.61874pt>
File: images/NetworkDelay-eps-converted-to.pdf Graphic file (type pdf)

<use images/NetworkDelay-eps-converted-to.pdf>
Package pdftex.def Info: images/NetworkDelay-eps-converted-to.pdf used on input
 line 187.
(pdftex.def)             Requested size: 142.26378pt x 89.59705pt.
Package epstopdf Info: Source file: <images/CDFofFeedbackLoopDelay.eps>
(epstopdf)                    date: 2018-03-08 12:38:34
(epstopdf)                    size: 16763 bytes
(epstopdf)             Output file: <images/CDFofFeedbackLoopDelay-eps-converte
d-to.pdf>
(epstopdf)                    date: 2018-03-08 12:39:26
(epstopdf)                    size: 11428 bytes
(epstopdf)             Command: <repstopdf --outfile=images/CDFofFeedbackLoopDe
lay-eps-converted-to.pdf images/CDFofFeedbackLoopDelay.eps>
(epstopdf)             \includegraphics on input line 193.
Package epstopdf Info: Output file is already uptodate.

<images/CDFofFeedbackLoopDelay-eps-converted-to.pdf, id=995, 262.9825pt x 165.6
1874pt>
File: images/CDFofFeedbackLoopDelay-eps-converted-to.pdf Graphic file (type pdf
)
 <use images/CDFofFeedbackLoopDelay-eps-converted-to.pdf>
Package pdftex.def Info: images/CDFofFeedbackLoopDelay-eps-converted-to.pdf use
d on input line 193.
(pdftex.def)             Requested size: 142.26378pt x 89.59705pt.
Package epstopdf Info: Source file: <images/failure_v2.eps>
(epstopdf)                    date: 2018-03-08 12:38:34
(epstopdf)                    size: 14577 bytes
(epstopdf)             Output file: <images/failure_v2-eps-converted-to.pdf>
(epstopdf)                    date: 2018-03-08 12:39:26
(epstopdf)                    size: 7673 bytes
(epstopdf)             Command: <repstopdf --outfile=images/failure_v2-eps-conv
erted-to.pdf images/failure_v2.eps>
(epstopdf)             \includegraphics on input line 206.
Package epstopdf Info: Output file is already uptodate.

<images/failure_v2-eps-converted-to.pdf, id=996, 262.9825pt x 165.61874pt>
File: images/failure_v2-eps-converted-to.pdf Graphic file (type pdf)

<use images/failure_v2-eps-converted-to.pdf>
Package pdftex.def Info: images/failure_v2-eps-converted-to.pdf used on input l
ine 206.
(pdftex.def)             Requested size: 142.26378pt x 89.59705pt.

Underfull \hbox (badness 3271) in paragraph at lines 207--207
[]\T1/ptm/b/n/9 (a) |Av-er-age num-ber of down-loaded
 []

Package epstopdf Info: Source file: <images/blkSize_v2.eps>
(epstopdf)                    date: 2018-03-08 12:38:34
(epstopdf)                    size: 13459 bytes
(epstopdf)             Output file: <images/blkSize_v2-eps-converted-to.pdf>
(epstopdf)                    date: 2018-03-08 12:39:27
(epstopdf)                    size: 7274 bytes
(epstopdf)             Command: <repstopdf --outfile=images/blkSize_v2-eps-conv
erted-to.pdf images/blkSize_v2.eps>
(epstopdf)             \includegraphics on input line 212.
Package epstopdf Info: Output file is already uptodate.
<images/blkSize_v2-eps-converted-to.pdf, id=997, 262.9825pt x 165.61874pt>
File: images/blkSize_v2-eps-converted-to.pdf Graphic file (type pdf)

<use images/blkSize_v2-eps-converted-to.pdf>
Package pdftex.def Info: images/blkSize_v2-eps-converted-to.pdf used on input l
ine 212.
(pdftex.def)             Requested size: 142.26378pt x 89.59705pt.

Underfull \hbox (badness 1688) in paragraph at lines 213--213
[]\T1/ptm/b/n/9 (b) |Com-ple-tion time un-der dif-fer-ent
 []

Package epstopdf Info: Source file: <images/cycleDiff.eps>
(epstopdf)                    date: 2018-03-08 12:38:34
(epstopdf)                    size: 10716 bytes
(epstopdf)             Output file: <images/cycleDiff-eps-converted-to.pdf>
(epstopdf)                    date: 2018-03-08 12:39:27
(epstopdf)                    size: 6831 bytes
(epstopdf)             Command: <repstopdf --outfile=images/cycleDiff-eps-conve
rted-to.pdf images/cycleDiff.eps>
(epstopdf)             \includegraphics on input line 218.
Package epstopdf Info: Output file is already uptodate.
<images/cycleDiff-eps-converted-to.pdf, id=998, 262.9825pt x 165.61874pt>
File: images/cycleDiff-eps-converted-to.pdf Graphic file (type pdf)

<use images/cycleDiff-eps-converted-to.pdf>
Package pdftex.def Info: images/cycleDiff-eps-converted-to.pdf used on input li
ne 218.
(pdftex.def)             Requested size: 142.26378pt x 89.59705pt.

Underfull \hbox (badness 2088) in paragraph at lines 219--219
[]\T1/ptm/b/n/9 (c) |Com-ple-tion time un-der dif-fer-ent
 []

Package epstopdf Info: Source file: <images/BDSvsLP_v2.eps>
(epstopdf)                    date: 2018-03-08 12:38:34
(epstopdf)                    size: 31036 bytes
(epstopdf)             Output file: <images/BDSvsLP_v2-eps-converted-to.pdf>
(epstopdf)                    date: 2018-03-08 12:39:27
(epstopdf)                    size: 33781 bytes
(epstopdf)             Command: <repstopdf --outfile=images/BDSvsLP_v2-eps-conv
erted-to.pdf images/BDSvsLP_v2.eps>
(epstopdf)             \includegraphics on input line 278.
Package epstopdf Info: Output file is already uptodate.
<images/BDSvsLP_v2-eps-converted-to.pdf, id=1002, 262.9825pt x 165.61874pt>
File: images/BDSvsLP_v2-eps-converted-to.pdf Graphic file (type pdf)

<use images/BDSvsLP_v2-eps-converted-to.pdf>
Package pdftex.def Info: images/BDSvsLP_v2-eps-converted-to.pdf used on input l
ine 278.
(pdftex.def)             Requested size: 142.26378pt x 89.59705pt.
Package epstopdf Info: Source file: <images/BDSvsLP_CT.eps>
(epstopdf)                    date: 2018-03-08 12:38:34
(epstopdf)                    size: 20770 bytes
(epstopdf)             Output file: <images/BDSvsLP_CT-eps-converted-to.pdf>
(epstopdf)                    date: 2018-03-08 12:39:28
(epstopdf)                    size: 28273 bytes
(epstopdf)             Command: <repstopdf --outfile=images/BDSvsLP_CT-eps-conv
erted-to.pdf images/BDSvsLP_CT.eps>
(epstopdf)             \includegraphics on input line 284.
Package epstopdf Info: Output file is already uptodate.

<images/BDSvsLP_CT-eps-converted-to.pdf, id=1003, 262.9825pt x 165.61874pt>
File: images/BDSvsLP_CT-eps-converted-to.pdf Graphic file (type pdf)

<use images/BDSvsLP_CT-eps-converted-to.pdf>
Package pdftex.def Info: images/BDSvsLP_CT-eps-converted-to.pdf used on input l
ine 284.
(pdftex.def)             Requested size: 142.26378pt x 89.59705pt.

Underfull \hbox (badness 3838) in paragraph at lines 285--285
[]\T1/ptm/b/n/9 (b) |The near-optimality of BDS to
 []

Package epstopdf Info: Source file: <images/overlay.eps>
(epstopdf)                    date: 2018-03-08 12:38:34
(epstopdf)                    size: 10898 bytes
(epstopdf)             Output file: <images/overlay-eps-converted-to.pdf>
(epstopdf)                    date: 2018-03-08 12:39:28
(epstopdf)                    size: 6779 bytes
(epstopdf)             Command: <repstopdf --outfile=images/overlay-eps-convert
ed-to.pdf images/overlay.eps>
(epstopdf)             \includegraphics on input line 290.
Package epstopdf Info: Output file is already uptodate.
<images/overlay-eps-converted-to.pdf, id=1004, 262.9825pt x 165.61874pt>
File: images/overlay-eps-converted-to.pdf Graphic file (type pdf)

<use images/overlay-eps-converted-to.pdf>
Package pdftex.def Info: images/overlay-eps-converted-to.pdf used on input line
 290.
(pdftex.def)             Requested size: 142.26378pt x 89.59705pt.

Underfull \hbox (badness 2469) in paragraph at lines 291--291
[]\T1/ptm/b/n/9 (c) |The pro-por-tion of blocks down-
 []

[10.10 <./images/BDSvsAnon_overall_v2-eps-converted-to.pdf> <./images/BDS_VS_AN
ON_v2-eps-converted-to.pdf> <./images/BDSvsAnon_time_v2-eps-converted-to.pdf> <
./images/Quota_v2-eps-converted-to.pdf>]
Overfull \hbox (1.56331pt too wide) in paragraph at lines 316--318
 \T1/phv/m/sl/10 (-20) 6.3.4 In-depth anal-y-sis.[] \T1/ptm/b/n/10 Op-ti-miza-t
ion over al-go-rithm
 []


Underfull \vbox (badness 3312) has occurred while \output is active []

 [11.11 <./images/CPUvsBlk_v3-eps-converted-to.pdf> <./images/NetworkDelay-eps-
converted-to.pdf> <./images/CDFofFeedbackLoopDelay-eps-converted-to.pdf> <./ima
ges/failure_v2-eps-converted-to.pdf> <./images/blkSize_v2-eps-converted-to.pdf>
 <./images/cycleDiff-eps-converted-to.pdf> <./images/BDSvsLP_v2-eps-converted-t
o.pdf> <./images/BDSvsLP_CT-eps-converted-to.pdf> <./images/overlay-eps-convert
ed-to.pdf>]) (./related.tex
Underfull \vbox (badness 10000) has occurred while \output is active []

)
(./conclusion.tex
Underfull \vbox (badness 10000) has occurred while \output is active []

 [12.12])
(./acknowledgment.tex)
(/Users/kaichen/Documents/Research/papers/BDS/.texpadtmp/main-BDS.bbl
Underfull \hbox (badness 10000) in paragraph at lines 29--33
[]\T1/ptm/m/sc/8 (+20) Alizadeh, M., Ed-sall, T., Dharma-purikar, S.,
 []


Underfull \hbox (badness 2343) in paragraph at lines 143--149
\T1/ptm/m/sc/8 (+20) N., Zer-meno, E. C., Gunn, C. S., Ai, J., Car-lin, B.,
 []


Underfull \hbox (badness 1087) in paragraph at lines 157--161
[]\T1/ptm/m/sc/8 (+20) Liebeherr, J., Na-has, M., and Si, W.  \T1/ptm/m/n/8 (+2
0) Application-layer
 []

[13.13]
Underfull \hbox (badness 3271) in paragraph at lines 200--205
[]\T1/ptm/m/sc/8 (+20) Nagaraj, K., Bhara-dia, D., Mao, H., Chin-chali, S.,
 []


Underfull \hbox (badness 1721) in paragraph at lines 248--251
[]\T1/ptm/m/sc/8 (+20) Savage, S., Collins, A., Hoff-man, E., Snell, J., and
 []

) (./appendix_final.tex
Underfull \vbox (badness 10000) has occurred while \output is active []

 [14.14])
- LAST -
Extra skip:9.84747pt
Left:123.7035pt/2.16492pt
Right:114.48817pt/1.53278pt
Output:124.09584pt

[15.15]
Package atveryend Info: Empty hook `BeforeClearDocument' on input line 252.
Package atveryend Info: Empty hook `AfterLastShipout' on input line 252.
 (/Users/kaichen/Documents/Research/papers/BDS/.texpadtmp/main-BDS.aux)
Package atveryend Info: Executing hook `AtVeryEndDocument' on input line 252.
Package atveryend Info: Executing hook `AtEndAfterFileList' on input line 252.
Package rerunfilecheck Info: File `main-BDS.out' has not changed.
(rerunfilecheck)             Checksum: <no file>.
 ) 
Here is how much of TeX's memory you used:
 19518 strings out of 493089
 294789 string characters out of 6134842
 413255 words of memory out of 5000000
 21706 multiletter control sequences out of 15000+600000
 138980 words of font info for 492 fonts, out of 8000000 for 9000
 1302 hyphenation exceptions out of 8191
 60i,17n,94p,1647b,653s stack positions out of 5000i,500n,10000p,200000b,80000s
pdfTeX warning (dest): name{Hfootnote.1} has been referenced but does not exi
st, replaced by a fixed one

{/usr/local/texlive/2015/texmf-dist/fonts/enc/dvips/base/8r.enc}{/usr/local/tex
live/2015/texmf-dist/fonts/enc/dvips/newtx/libertinealt.enc}</usr/local/texlive
/2015/texmf-dist/fonts/type1/public/amsfonts/cm/cmex10.pfb></usr/local/texlive/
2015/texmf-dist/fonts/type1/public/amsfonts/cm/cmmi10.pfb></usr/local/texlive/2
015/texmf-dist/fonts/type1/public/amsfonts/cm/cmsy10.pfb></usr/local/texlive/20
15/texmf-dist/fonts/type1/public/txfonts/rtxr.pfb></usr/local/texlive/2015/texm
f-dist/fonts/type1/public/txfonts/txsyb.pfb></usr/local/texlive/2015/texmf-dist
/fonts/type1/public/txfonts/txsyc.pfb></usr/local/texlive/2015/texmf-dist/fonts
/type1/urw/courier/ucrr8a.pfb></usr/local/texlive/2015/texmf-dist/fonts/type1/u
rw/helvetic/uhvb8a.pfb></usr/local/texlive/2015/texmf-dist/fonts/type1/urw/helv
etic/uhvr8a.pfb></usr/local/texlive/2015/texmf-dist/fonts/type1/urw/helvetic/uh
vro8a.pfb></usr/local/texlive/2015/texmf-dist/fonts/type1/urw/symbol/usyr.pfb><
/usr/local/texlive/2015/texmf-dist/fonts/type1/urw/symbol/usyr.pfb></usr/local/
texlive/2015/texmf-dist/fonts/type1/urw/times/utmb8a.pfb></usr/local/texlive/20
15/texmf-dist/fonts/type1/urw/times/utmr8a.pfb></usr/local/texlive/2015/texmf-d
ist/fonts/type1/urw/times/utmri8a.pfb></usr/local/texlive/2015/texmf-dist/fonts
/type1/public/newtx/zxlr.pfb>
Output written on /Users/kaichen/Documents/Research/papers/BDS/.texpadtmp/main-
BDS.pdf (15 pages, 729482 bytes).
PDF statistics:
 1294 PDF objects out of 1440 (max. 8388607)
 896 compressed objects within 9 object streams
 145 named destinations out of 1000 (max. 500000)
 65363 words of extra memory for PDF output out of 74296 (max. 10000000)

